#
# There is insufficient memory for the Java Runtime Environment to continue.
# Native memory allocation (malloc) failed to allocate 32744 bytes for ChunkPool::allocate
# Possible reasons:
#   The system is out of physical RAM or swap space
#   The process is running with CompressedOops enabled, and the Java Heap may be blocking the growth of the native heap
# Possible solutions:
#   Reduce memory load on the system
#   Increase physical memory or swap space
#   Check if swap backing store is full
#   Decrease Java heap size (-Xmx/-Xms)
#   Decrease number of Java threads
#   Decrease Java thread stack sizes (-Xss)
#   Set larger code cache with -XX:ReservedCodeCacheSize=
#   JVM is running with Unscaled Compressed Oops mode in which the Java heap is
#     placed in the first 4GB address space. The Java Heap base address is the
#     maximum limit for the native heap growth. Please use -XX:HeapBaseMinAddress
#     to set the Java Heap base and to place the Java Heap above 4GB virtual address.
# This output file may be truncated or incomplete.
#
#  Out of Memory Error (allocation.cpp:272), pid=5740, tid=0x0000000000004850
#
# JRE version: Java(TM) SE Runtime Environment (8.0_311-b11) (build 1.8.0_311-b11)
# Java VM: Java HotSpot(TM) 64-Bit Server VM (25.311-b11 mixed mode windows-amd64 compressed oops)
# Failed to write core dump. Minidumps are not enabled by default on client versions of Windows
#

---------------  T H R E A D  ---------------

Current thread (0x000001d277cb2000):  JavaThread "C1 CompilerThread2" daemon [_thread_in_native, id=18512, stack(0x0000007cc7a00000,0x0000007cc7b00000)]

Stack: [0x0000007cc7a00000,0x0000007cc7b00000]
Native frames: (J=compiled Java code, j=interpreted, Vv=VM code, C=native code)
V  [jvm.dll+0x32f239]


Current CompileTask:
C1:    209  168       3       jdk.internal.org.objectweb.asm.Frame::
[error occurred during error reporting (printing current compile task), id 0xe0000001]


---------------  P R O C E S S  ---------------

Java Threads: ( => current thread )
  0x000001d277d2d000 JavaThread "Service Thread" daemon [_thread_blocked, id=6848, stack(0x0000007cc7b00000,0x0000007cc7c00000)]
=>0x000001d277cb2000 JavaThread "C1 CompilerThread2" daemon [_thread_in_native, id=18512, stack(0x0000007cc7a00000,0x0000007cc7b00000)]
  0x000001d277cae800 JavaThread "C2 CompilerThread1" daemon [_thread_in_native, id=1668, stack(0x0000007cc7900000,0x0000007cc7a00000)]
  0x000001d277ca6800 JavaThread "C2 CompilerThread0" daemon [_thread_blocked, id=18440, stack(0x0000007cc7800000,0x0000007cc7900000)]
  0x000001d277ca3800 JavaThread "Attach Listener" daemon [_thread_blocked, id=11968, stack(0x0000007cc7700000,0x0000007cc7800000)]
  0x000001d277ca2800 JavaThread "Signal Dispatcher" daemon [_thread_blocked, id=8732, stack(0x0000007cc7600000,0x0000007cc7700000)]
  0x000001d277554800 JavaThread "Finalizer" daemon [_thread_blocked, id=6580, stack(0x0000007cc7500000,0x0000007cc7600000)]
  0x000001d27754e800 JavaThread "Reference Handler" daemon [_thread_blocked, id=17468, stack(0x0000007cc7400000,0x0000007cc7500000)]
  0x000001d263b3f000 JavaThread "main" [_thread_in_vm, id=6828, stack(0x0000007cc6e00000,0x0000007cc6f00000)]

Other Threads:
  0x000001d277c63000 VMThread [stack: 0x0000007cc7300000,0x0000007cc7400000] [id=408]
  0x000001d277d47800 WatcherThread [stack: 0x0000007cc7c00000,0x0000007cc7d00000] [id=18104]

VM state:not at safepoint (normal execution)

VM Mutex/Monitor currently owned by a thread: None

heap address: 0x00000000c2400000, size: 988 MB, Compressed Oops mode: 32-bit
Narrow klass base: 0x0000000000000000, Narrow klass shift: 3
Compressed class space size: 1073741824 Address: 0x0000000100000000

Heap:
 PSYoungGen      total 18432K, used 1905K [0x00000000eb700000, 0x00000000ecb80000, 0x0000000100000000)
  eden space 15872K, 12% used [0x00000000eb700000,0x00000000eb8dc418,0x00000000ec680000)
  from space 2560K, 0% used [0x00000000ec900000,0x00000000ec900000,0x00000000ecb80000)
  to   space 2560K, 0% used [0x00000000ec680000,0x00000000ec680000,0x00000000ec900000)
 ParOldGen       total 42496K, used 0K [0x00000000c2400000, 0x00000000c4d80000, 0x00000000eb700000)
  object space 42496K, 0% used [0x00000000c2400000,0x00000000c2400000,0x00000000c4d80000)
 Metaspace       used 4099K, capacity 4694K, committed 4992K, reserved 1056768K
  class space    used 460K, capacity 542K, committed 640K, reserved 1048576K

Card table byte_map: [0x000001d274830000,0x000001d274a20000] byte_map_base: 0x000001d27421e000

Marking Bits: (ParMarkBitMap*) 0x0000000055888030
 Begin Bits: [0x000001d274b70000, 0x000001d275ae0000)
 End Bits:   [0x000001d275ae0000, 0x000001d276a50000)

Polling page: 0x000001d265440000

CodeCache: size=245760Kb used=1335Kb max_used=1335Kb free=244424Kb
 bounds [0x000001d265470000, 0x000001d2656e0000, 0x000001d274470000]
 total_blobs=434 nmethods=172 adapters=176
 compilation: enabled

Compilation events (10 events):
Event: 0.198 Thread 0x000001d277cb2000 nmethod 158 0x000001d2655b7d50 code [0x000001d2655b7ea0, 0x000001d2655b7ff8]
Event: 0.198 Thread 0x000001d277cb2000  159       3       java.util.Collections$UnmodifiableCollection$1::hasNext (10 bytes)
Event: 0.198 Thread 0x000001d277cb2000 nmethod 159 0x000001d2655b8090 code [0x000001d2655b8200, 0x000001d2655b8430]
Event: 0.198 Thread 0x000001d277cb2000  160       3       java.util.AbstractList$Itr::hasNext (20 bytes)
Event: 0.199 Thread 0x000001d277cb2000 nmethod 160 0x000001d2655b84d0 code [0x000001d2655b8640, 0x000001d2655b88d0]
Event: 0.199 Thread 0x000001d277cb2000  161       3       java.lang.invoke.MemberName::getInvocationType (56 bytes)
Event: 0.200 Thread 0x000001d277cb2000 nmethod 161 0x000001d2655b8b10 code [0x000001d2655b8d00, 0x000001d2655b9910]
Event: 0.200 Thread 0x000001d277cb2000  162       3       java.lang.invoke.InvokerBytecodeGenerator::isStaticallyNameable (116 bytes)
Event: 0.202 Thread 0x000001d277cb2000 nmethod 162 0x000001d2655ba390 code [0x000001d2655ba700, 0x000001d2655bc7e0]
Event: 0.202 Thread 0x000001d277cb2000  168       3       jdk.internal.org.objectweb.asm.Frame::execute (2252 bytes)

GC Heap History (0 events):
No events

Deoptimization events (0 events):
No events

Classes redefined (0 events):
No events

Internal exceptions (7 events):
Event: 0.039 Thread 0x000001d263b3f000 Exception <a 'java/lang/NoSuchMethodError': Method sun.misc.Unsafe.defineClass(Ljava/lang/String;[BII)Ljava/lang/Class; name or signature does not match> (0x00000000eb707cc0) thrown at [C:\jenkins\workspace\8-2-build-windows-amd64-cygwin\jdk8u311\1894\hot
Event: 0.039 Thread 0x000001d263b3f000 Exception <a 'java/lang/NoSuchMethodError': Method sun.misc.Unsafe.prefetchRead(Ljava/lang/Object;J)V name or signature does not match> (0x00000000eb707fa8) thrown at [C:\jenkins\workspace\8-2-build-windows-amd64-cygwin\jdk8u311\1894\hotspot\src\share\vm\
Event: 0.126 Thread 0x000001d263b3f000 Exception <a 'java/security/PrivilegedActionException'> (0x00000000eb782368) thrown at [C:\jenkins\workspace\8-2-build-windows-amd64-cygwin\jdk8u311\1894\hotspot\src\share\vm\prims\jvm.cpp, line 1523]
Event: 0.126 Thread 0x000001d263b3f000 Exception <a 'java/security/PrivilegedActionException'> (0x00000000eb782578) thrown at [C:\jenkins\workspace\8-2-build-windows-amd64-cygwin\jdk8u311\1894\hotspot\src\share\vm\prims\jvm.cpp, line 1523]
Event: 0.127 Thread 0x000001d263b3f000 Exception <a 'java/security/PrivilegedActionException'> (0x00000000eb786488) thrown at [C:\jenkins\workspace\8-2-build-windows-amd64-cygwin\jdk8u311\1894\hotspot\src\share\vm\prims\jvm.cpp, line 1523]
Event: 0.127 Thread 0x000001d263b3f000 Exception <a 'java/security/PrivilegedActionException'> (0x00000000eb786698) thrown at [C:\jenkins\workspace\8-2-build-windows-amd64-cygwin\jdk8u311\1894\hotspot\src\share\vm\prims\jvm.cpp, line 1523]
Event: 0.139 Thread 0x000001d263b3f000 Exception <a 'java/io/FileNotFoundException'> (0x00000000eb78d5e0) thrown at [C:\jenkins\workspace\8-2-build-windows-amd64-cygwin\jdk8u311\1894\hotspot\src\share\vm\prims\jni.cpp, line 710]

Events (10 events):
Event: 0.181 loading class java/lang/invoke/MethodHandleImpl$AsVarargsCollector
Event: 0.182 loading class java/lang/invoke/DelegatingMethodHandle
Event: 0.182 loading class java/lang/invoke/DelegatingMethodHandle done
Event: 0.182 loading class java/lang/invoke/MethodHandleImpl$AsVarargsCollector done
Event: 0.182 loading class java/lang/invoke/WrongMethodTypeException
Event: 0.182 loading class java/lang/invoke/WrongMethodTypeException done
Event: 0.185 loading class java/lang/invoke/MethodHandleImpl$Lazy
Event: 0.185 loading class java/lang/invoke/MethodHandleImpl$Lazy done
Event: 0.185 loading class java/lang/invoke/MethodHandleImpl$IntrinsicMethodHandle
Event: 0.186 loading class java/lang/invoke/MethodHandleImpl$IntrinsicMethodHandle done


Dynamic libraries:
0x00007ff7fb120000 - 0x00007ff7fb167000 	C:\Program Files\Java\jdk1.8.0_311\bin\java.exe
0x00007ffd5a3b0000 - 0x00007ffd5a5a6000 	C:\WINDOWS\SYSTEM32\ntdll.dll
0x00007ffd59660000 - 0x00007ffd5971d000 	C:\WINDOWS\System32\KERNEL32.DLL
0x00007ffd58070000 - 0x00007ffd58338000 	C:\WINDOWS\System32\KERNELBASE.dll
0x00007ffd595b0000 - 0x00007ffd5965c000 	C:\WINDOWS\System32\ADVAPI32.dll
0x00007ffd58800000 - 0x00007ffd5889e000 	C:\WINDOWS\System32\msvcrt.dll
0x00007ffd58610000 - 0x00007ffd586ab000 	C:\WINDOWS\System32\sechost.dll
0x00007ffd588a0000 - 0x00007ffd589c4000 	C:\WINDOWS\System32\RPCRT4.dll
0x00007ffd59260000 - 0x00007ffd59400000 	C:\WINDOWS\System32\USER32.dll
0x00007ffd57d80000 - 0x00007ffd57da2000 	C:\WINDOWS\System32\win32u.dll
0x00007ffd5a340000 - 0x00007ffd5a36a000 	C:\WINDOWS\System32\GDI32.dll
0x00007ffd57c70000 - 0x00007ffd57d79000 	C:\WINDOWS\System32\gdi32full.dll
0x00007ffd57af0000 - 0x00007ffd57b8d000 	C:\WINDOWS\System32\msvcp_win.dll
0x00007ffd57db0000 - 0x00007ffd57eb0000 	C:\WINDOWS\System32\ucrtbase.dll
0x00007ffd42800000 - 0x00007ffd42a9b000 	C:\WINDOWS\WinSxS\amd64_microsoft.windows.common-controls_6595b64144ccf1df_6.0.19041.488_none_ca04af081b815d21\COMCTL32.dll
0x00007ffd5a260000 - 0x00007ffd5a290000 	C:\WINDOWS\System32\IMM32.DLL
0x00007ffd46220000 - 0x00007ffd46235000 	C:\Program Files\Java\jdk1.8.0_311\jre\bin\vcruntime140.dll
0x00007ffd2efc0000 - 0x00007ffd2f05b000 	C:\Program Files\Java\jdk1.8.0_311\jre\bin\msvcp140.dll
0x00000000550a0000 - 0x0000000055900000 	C:\Program Files\Java\jdk1.8.0_311\jre\bin\server\jvm.dll
0x00007ffd58af0000 - 0x00007ffd58af8000 	C:\WINDOWS\System32\PSAPI.DLL
0x00007ffd50180000 - 0x00007ffd50189000 	C:\WINDOWS\SYSTEM32\WSOCK32.dll
0x00007ffd4dc80000 - 0x00007ffd4dc8a000 	C:\WINDOWS\SYSTEM32\VERSION.dll
0x00007ffd461b0000 - 0x00007ffd461d7000 	C:\WINDOWS\SYSTEM32\WINMM.dll
0x00007ffd58790000 - 0x00007ffd587fb000 	C:\WINDOWS\System32\WS2_32.dll
0x00007ffd563d0000 - 0x00007ffd563e2000 	C:\WINDOWS\SYSTEM32\kernel.appcore.dll
0x00007ffd50170000 - 0x00007ffd50180000 	C:\Program Files\Java\jdk1.8.0_311\jre\bin\verify.dll
0x00007ffd33e80000 - 0x00007ffd33eab000 	C:\Program Files\Java\jdk1.8.0_311\jre\bin\java.dll
0x00007ffd3ebb0000 - 0x00007ffd3ebc8000 	C:\Program Files\Java\jdk1.8.0_311\jre\bin\zip.dll
0x00007ffd58b00000 - 0x00007ffd59241000 	C:\WINDOWS\System32\SHELL32.dll
0x00007ffd55880000 - 0x00007ffd56015000 	C:\WINDOWS\SYSTEM32\windows.storage.dll
0x00007ffd598d0000 - 0x00007ffd59c25000 	C:\WINDOWS\System32\combase.dll
0x00007ffd574f0000 - 0x00007ffd5751c000 	C:\WINDOWS\SYSTEM32\Wldp.dll
0x00007ffd5a290000 - 0x00007ffd5a33e000 	C:\WINDOWS\System32\SHCORE.dll
0x00007ffd585b0000 - 0x00007ffd58605000 	C:\WINDOWS\System32\shlwapi.dll
0x00007ffd57a20000 - 0x00007ffd57a46000 	C:\WINDOWS\SYSTEM32\profapi.dll
0x00007ffd0a650000 - 0x00007ffd0a7e5000 	C:\Program Files\Java\jdk1.8.0_311\jre\bin\awt.dll
0x00007ffd59780000 - 0x00007ffd5984d000 	C:\WINDOWS\System32\OLEAUT32.dll
0x00007ffd55050000 - 0x00007ffd550e0000 	C:\WINDOWS\SYSTEM32\apphelp.dll

VM Arguments:
jvm_args: -Dfile.encoding=UTF-8 
java_command: hotel.management.system.Login
java_class_path (initial): C:\Users\anukriti singh\Documents\NetBeansProjects\Hotel Management System\build\classes
Launcher Type: SUN_STANDARD

Environment Variables:
PATH=C:\Program Files\Common Files\Oracle\Java\javapath;C:\Program Files (x86)\Common Files\Oracle\Java\javapath;C:\WINDOWS\system32;C:\WINDOWS;C:\WINDOWS\System32\Wbem;C:\WINDOWS\System32\WindowsPowerShell\v1.0\;C:\WINDOWS\System32\OpenSSH\;C:\Program Files\Java;C:\Program Files\Java\jdk-16.0.2\bin;C:\Program Files\Java\jdk1.8.0_311\bin;C:\Program Files\Java\jre1.8.0_311\bin;C:\Users\anukriti singh\AppData\Local\Programs\Python\Python310\Scripts\;C:\Users\anukriti singh\AppData\Local\Programs\Python\Python310\;C:\Users\anukriti singh\AppData\Local\Microsoft\WindowsApps;;C:\Program Files\JetBrains\IntelliJ IDEA Community Edition 2021.2.2\bin;;C:\Users\anukriti singh\AppData\Local\Programs\Microsoft VS Code\bin
USERNAME=anukriti singh
OS=Windows_NT
PROCESSOR_IDENTIFIER=Intel64 Family 6 Model 142 Stepping 12, GenuineIntel



---------------  S Y S T E M  ---------------

OS: Windows 10.0 , 64 bit Build 19041 (10.0.19041.546)

CPU:total 4 (initial active 4) (2 cores per cpu, 2 threads per core) family 6 model 142 stepping 12, cmov, cx8, fxsr, mmx, sse, sse2, sse3, ssse3, sse4.1, sse4.2, popcnt, avx, avx2, aes, clmul, erms, 3dnowpref, lzcnt, ht, tsc, tscinvbit, bmi1, bmi2, adx

Memory: 4k page, physical 4043232k(620336k free), swap 16626144k(5124k free)

vm_info: Java HotSpot(TM) 64-Bit Server VM (25.311-b11) for windows-amd64 JRE (1.8.0_311-b11), built on Sep 27 2021 05:15:14 by "java_re" with MS VC++ 15.9 (VS2017)

time: Sat Feb 12 22:49:37 2022
timezone: India Standard Time
elapsed time: 0.215678 seconds (0d 0h 0m 0s)

