#
# There is insufficient memory for the Java Runtime Environment to continue.
# Native memory allocation (malloc) failed to allocate 1048576 bytes for AllocateHeap
# Possible reasons:
#   The system is out of physical RAM or swap space
#   The process is running with CompressedOops enabled, and the Java Heap may be blocking the growth of the native heap
# Possible solutions:
#   Reduce memory load on the system
#   Increase physical memory or swap space
#   Check if swap backing store is full
#   Decrease Java heap size (-Xmx/-Xms)
#   Decrease number of Java threads
#   Decrease Java thread stack sizes (-Xss)
#   Set larger code cache with -XX:ReservedCodeCacheSize=
#   JVM is running with Unscaled Compressed Oops mode in which the Java heap is
#     placed in the first 4GB address space. The Java Heap base address is the
#     maximum limit for the native heap growth. Please use -XX:HeapBaseMinAddress
#     to set the Java Heap base and to place the Java Heap above 4GB virtual address.
# This output file may be truncated or incomplete.
#
#  Out of Memory Error (memory/allocation.inline.hpp:61), pid=17472, tid=0x00000000000052f4
#
# JRE version:  (8.0_311-b11) (build )
# Java VM: Java HotSpot(TM) 64-Bit Server VM (25.311-b11 mixed mode windows-amd64 compressed oops)
# Failed to write core dump. Minidumps are not enabled by default on client versions of Windows
#

---------------  T H R E A D  ---------------

Current thread (0x0000022b9ffe3000):  JavaThread "Unknown thread" [_thread_in_vm, id=21236, stack(0x000000a36db00000,0x000000a36dc00000)]

Stack: [0x000000a36db00000,0x000000a36dc00000]
Native frames: (J=compiled Java code, j=interpreted, Vv=VM code, C=native code)
V  [jvm.dll+0x32f239]
V  [jvm.dll+0x275882]
V  [jvm.dll+0x27652d]
V  [jvm.dll+0x26cf65]
V  [jvm.dll+0x509d]
V  [jvm.dll+0x3ca4ac]
V  [jvm.dll+0x3c6827]
V  [jvm.dll+0xfce3f]
V  [jvm.dll+0x20a21b]
V  [jvm.dll+0x238c47]
V  [jvm.dll+0x1628e6]
C  [java.exe+0x2312]
C  [java.exe+0x15f54]
C  [KERNEL32.DLL+0x17614]
C  [ntdll.dll+0x526a1]


---------------  P R O C E S S  ---------------

Java Threads: ( => current thread )

Other Threads:

=>0x0000022b9ffe3000 (exited) JavaThread "Unknown thread" [_thread_in_vm, id=21236, stack(0x000000a36db00000,0x000000a36dc00000)]

VM state:not at safepoint (normal execution)

VM Mutex/Monitor currently owned by a thread: None

heap address: 0x00000000c2400000, size: 988 MB, Compressed Oops mode: 32-bit
Narrow klass base: 0x0000000000000000, Narrow klass shift: 3
Compressed class space size: 1073741824 Address: 0x0000000100000000

Heap:
 PSYoungGen      total 18432K, used 317K [0x00000000eb700000, 0x00000000ecb80000, 0x0000000100000000)
  eden space 15872K, 2% used [0x00000000eb700000,0x00000000eb74f5d0,0x00000000ec680000)
  from space 2560K, 0% used [0x00000000ec900000,0x00000000ec900000,0x00000000ecb80000)
  to   space 2560K, 0% used [0x00000000ec680000,0x00000000ec680000,0x00000000ec900000)
 ParOldGen       total 42496K, used 0K [0x00000000c2400000, 0x00000000c4d80000, 0x00000000eb700000)
  object space 42496K, 0% used [0x00000000c2400000,0x00000000c2400000,0x00000000c4d80000)
 Metaspace       used 792K, capacity 1156K, committed 1408K, reserved 1060864K
  class space    used 76K, capacity 384K, committed 384K, reserved 1048576K

Card table byte_map: [0x0000022bb0c10000,0x0000022bb0e00000] byte_map_base: 0x0000022bb05fe000

Marking Bits: (ParMarkBitMap*) 0x0000000057318030
 Begin Bits: [0x0000022bb0f50000, 0x0000022bb1ec0000)
 End Bits:   [0x0000022bb1ec0000, 0x0000022bb2e30000)

Polling page: 0x0000022b9ff30000

CodeCache: size=245760Kb used=329Kb max_used=329Kb free=245430Kb
 bounds [0x0000022ba1850000, 0x0000022ba1ac0000, 0x0000022bb0850000]
 total_blobs=58 nmethods=0 adapters=38
 compilation: enabled

Compilation events (0 events):
No events

GC Heap History (0 events):
No events

Deoptimization events (0 events):
No events

Classes redefined (0 events):
No events

Internal exceptions (0 events):
No events

Events (10 events):
Event: 0.033 loading class java/lang/Short
Event: 0.033 loading class java/lang/Short done
Event: 0.033 loading class java/lang/Integer
Event: 0.033 loading class java/lang/Integer done
Event: 0.033 loading class java/lang/Long
Event: 0.033 loading class java/lang/Long done
Event: 0.034 loading class java/lang/NullPointerException
Event: 0.034 loading class java/lang/NullPointerException done
Event: 0.034 loading class java/lang/ArithmeticException
Event: 0.034 loading class java/lang/ArithmeticException done


Dynamic libraries:
0x00007ff7bf160000 - 0x00007ff7bf1a7000 	C:\Program Files\Java\jdk1.8.0_311\bin\java.exe
0x00007ff9dc850000 - 0x00007ff9dca48000 	C:\WINDOWS\SYSTEM32\ntdll.dll
0x00007ff9dc600000 - 0x00007ff9dc6bf000 	C:\WINDOWS\System32\KERNEL32.DLL
0x00007ff9da330000 - 0x00007ff9da602000 	C:\WINDOWS\System32\KERNELBASE.dll
0x00007ff9daac0000 - 0x00007ff9dab6e000 	C:\WINDOWS\System32\ADVAPI32.dll
0x00007ff9dc0e0000 - 0x00007ff9dc17e000 	C:\WINDOWS\System32\msvcrt.dll
0x00007ff9dae60000 - 0x00007ff9daefc000 	C:\WINDOWS\System32\sechost.dll
0x00007ff9dbee0000 - 0x00007ff9dc005000 	C:\WINDOWS\System32\RPCRT4.dll
0x00007ff9db430000 - 0x00007ff9db5d1000 	C:\WINDOWS\System32\USER32.dll
0x00007ff9d9fb0000 - 0x00007ff9d9fd2000 	C:\WINDOWS\System32\win32u.dll
0x00007ff9dc7e0000 - 0x00007ff9dc80b000 	C:\WINDOWS\System32\GDI32.dll
0x00007ff9da6f0000 - 0x00007ff9da7ff000 	C:\WINDOWS\System32\gdi32full.dll
0x00007ff9d9fe0000 - 0x00007ff9da07d000 	C:\WINDOWS\System32\msvcp_win.dll
0x00007ff9da230000 - 0x00007ff9da330000 	C:\WINDOWS\System32\ucrtbase.dll
0x00007ff9ca050000 - 0x00007ff9ca2ea000 	C:\WINDOWS\WinSxS\amd64_microsoft.windows.common-controls_6595b64144ccf1df_6.0.19041.1110_none_60b5254171f9507e\COMCTL32.dll
0x00007ff9dab70000 - 0x00007ff9daba2000 	C:\WINDOWS\System32\IMM32.DLL
0x00007ff9d50d0000 - 0x00007ff9d50e5000 	C:\Program Files\Java\jdk1.8.0_311\jre\bin\vcruntime140.dll
0x00007ff9c3e30000 - 0x00007ff9c3ecb000 	C:\Program Files\Java\jdk1.8.0_311\jre\bin\msvcp140.dll
0x0000000056b30000 - 0x0000000057390000 	C:\Program Files\Java\jdk1.8.0_311\jre\bin\server\jvm.dll
0x00007ff9dc5f0000 - 0x00007ff9dc5f8000 	C:\WINDOWS\System32\PSAPI.DLL
0x00007ff9d7e40000 - 0x00007ff9d7e49000 	C:\WINDOWS\SYSTEM32\WSOCK32.dll
0x00007ff9dc010000 - 0x00007ff9dc07b000 	C:\WINDOWS\System32\WS2_32.dll
0x00007ff9d3cb0000 - 0x00007ff9d3cd7000 	C:\WINDOWS\SYSTEM32\WINMM.dll
0x00007ff9d7ee0000 - 0x00007ff9d7eea000 	C:\WINDOWS\SYSTEM32\VERSION.dll
0x00007ff9d8790000 - 0x00007ff9d87a2000 	C:\WINDOWS\SYSTEM32\kernel.appcore.dll
0x00007ff9d50c0000 - 0x00007ff9d50d0000 	C:\Program Files\Java\jdk1.8.0_311\jre\bin\verify.dll
0x00007ff9d40f0000 - 0x00007ff9d411b000 	C:\Program Files\Java\jdk1.8.0_311\jre\bin\java.dll
0x00007ff9d40d0000 - 0x00007ff9d40e8000 	C:\Program Files\Java\jdk1.8.0_311\jre\bin\zip.dll
0x00007ff9d6fe0000 - 0x00007ff9d71c4000 	C:\WINDOWS\SYSTEM32\dbghelp.dll
0x00007ff9da800000 - 0x00007ff9da882000 	C:\WINDOWS\System32\bcryptPrimitives.dll

VM Arguments:
jvm_args: -Dfile.encoding=UTF-8 
java_command: hotel.management.system.PickUp
java_class_path (initial): C:\Program Files\NetBeans 8.0.1\ide\modules\ext\mysql-connector-java-5.1.23-bin.jar;C:\Users\anukriti singh\Documents\NetBeansProjects;C:\Users\anukriti singh\Documents\NetBeansProjects\Hotel Management System\src\hotel\management\system\rs2xml.jar;C:\Users\anukriti singh\Documents\NetBeansProjects\Hotel Management System\build\classes
Launcher Type: SUN_STANDARD

Environment Variables:
PATH=C:\Program Files\Common Files\Oracle\Java\javapath;C:\Program Files (x86)\Common Files\Oracle\Java\javapath;C:\WINDOWS\system32;C:\WINDOWS;C:\WINDOWS\System32\Wbem;C:\WINDOWS\System32\WindowsPowerShell\v1.0\;C:\WINDOWS\System32\OpenSSH\;C:\Program Files\Java;C:\Program Files\Java\jdk-16.0.2\bin;C:\Program Files\Java\jdk1.8.0_311\bin;C:\Program Files\Java\jre1.8.0_311\bin;C:\Program Files\MySQL\MySQL Server 5.5\bin;C:\Users\anukriti singh\AppData\Local\Programs\Python\Python310\Scripts\;C:\Users\anukriti singh\AppData\Local\Programs\Python\Python310\;C:\Users\anukriti singh\AppData\Local\Microsoft\WindowsApps;;C:\Program Files\JetBrains\IntelliJ IDEA Community Edition 2021.2.2\bin;;C:\Users\anukriti singh\AppData\Local\Programs\Microsoft VS Code\bin
USERNAME=anukriti singh
OS=Windows_NT
PROCESSOR_IDENTIFIER=Intel64 Family 6 Model 142 Stepping 12, GenuineIntel



---------------  S Y S T E M  ---------------

OS: Windows 10.0 , 64 bit Build 19041 (10.0.19041.2364)

CPU:total 4 (initial active 4) (2 cores per cpu, 2 threads per core) family 6 model 142 stepping 12, cmov, cx8, fxsr, mmx, sse, sse2, sse3, ssse3, sse4.1, sse4.2, popcnt, avx, avx2, aes, clmul, erms, 3dnowpref, lzcnt, ht, tsc, tscinvbit, bmi1, bmi2, adx

Memory: 4k page, physical 4043232k(326668k free), swap 16626144k(6172k free)

vm_info: Java HotSpot(TM) 64-Bit Server VM (25.311-b11) for windows-amd64 JRE (1.8.0_311-b11), built on Sep 27 2021 05:15:14 by "java_re" with MS VC++ 15.9 (VS2017)

time: Wed Jan 18 19:00:05 2023
timezone: India Standard Time
elapsed time: 0.061314 seconds (0d 0h 0m 0s)

