#
# There is insufficient memory for the Java Runtime Environment to continue.
# Native memory allocation (malloc) failed to allocate 1048576 bytes for AllocateHeap
# Possible reasons:
#   The system is out of physical RAM or swap space
#   The process is running with CompressedOops enabled, and the Java Heap may be blocking the growth of the native heap
# Possible solutions:
#   Reduce memory load on the system
#   Increase physical memory or swap space
#   Check if swap backing store is full
#   Decrease Java heap size (-Xmx/-Xms)
#   Decrease number of Java threads
#   Decrease Java thread stack sizes (-Xss)
#   Set larger code cache with -XX:ReservedCodeCacheSize=
#   JVM is running with Unscaled Compressed Oops mode in which the Java heap is
#     placed in the first 4GB address space. The Java Heap base address is the
#     maximum limit for the native heap growth. Please use -XX:HeapBaseMinAddress
#     to set the Java Heap base and to place the Java Heap above 4GB virtual address.
# This output file may be truncated or incomplete.
#
#  Out of Memory Error (memory/allocation.inline.hpp:61), pid=13972, tid=0x0000000000004bac
#
# JRE version:  (8.0_311-b11) (build )
# Java VM: Java HotSpot(TM) 64-Bit Server VM (25.311-b11 mixed mode windows-amd64 compressed oops)
# Failed to write core dump. Minidumps are not enabled by default on client versions of Windows
#

---------------  T H R E A D  ---------------

Current thread (0x000001f3a47d0800):  JavaThread "Unknown thread" [_thread_in_vm, id=19372, stack(0x0000004cc4400000,0x0000004cc4500000)]

Stack: [0x0000004cc4400000,0x0000004cc4500000]
Native frames: (J=compiled Java code, j=interpreted, Vv=VM code, C=native code)
V  [jvm.dll+0x32f239]
V  [jvm.dll+0x275882]
V  [jvm.dll+0x27652d]
V  [jvm.dll+0x26cf65]
V  [jvm.dll+0x509d]
V  [jvm.dll+0x3ca4ac]
V  [jvm.dll+0x3c6827]
V  [jvm.dll+0xfce3f]
V  [jvm.dll+0x20a21b]
V  [jvm.dll+0x238c47]
V  [jvm.dll+0x1628e6]
C  [java.exe+0x2312]
C  [java.exe+0x15f54]
C  [KERNEL32.DLL+0x17034]
C  [ntdll.dll+0x4cec1]


---------------  P R O C E S S  ---------------

Java Threads: ( => current thread )

Other Threads:

=>0x000001f3a47d0800 (exited) JavaThread "Unknown thread" [_thread_in_vm, id=19372, stack(0x0000004cc4400000,0x0000004cc4500000)]

VM state:not at safepoint (normal execution)

VM Mutex/Monitor currently owned by a thread: None

heap address: 0x00000000c2400000, size: 988 MB, Compressed Oops mode: 32-bit
Narrow klass base: 0x0000000000000000, Narrow klass shift: 3
Compressed class space size: 1073741824 Address: 0x0000000100000000

Heap:
 PSYoungGen      total 18432K, used 317K [0x00000000eb700000, 0x00000000ecb80000, 0x0000000100000000)
  eden space 15872K, 2% used [0x00000000eb700000,0x00000000eb74f5d0,0x00000000ec680000)
  from space 2560K, 0% used [0x00000000ec900000,0x00000000ec900000,0x00000000ecb80000)
  to   space 2560K, 0% used [0x00000000ec680000,0x00000000ec680000,0x00000000ec900000)
 ParOldGen       total 42496K, used 0K [0x00000000c2400000, 0x00000000c4d80000, 0x00000000eb700000)
  object space 42496K, 0% used [0x00000000c2400000,0x00000000c2400000,0x00000000c4d80000)
 Metaspace       used 778K, capacity 4480K, committed 4480K, reserved 1056768K
  class space    used 76K, capacity 384K, committed 384K, reserved 1048576K

Card table byte_map: [0x000001f3b5550000,0x000001f3b5740000] byte_map_base: 0x000001f3b4f3e000

Marking Bits: (ParMarkBitMap*) 0x0000000050838030
 Begin Bits: [0x000001f3b5890000, 0x000001f3b6800000)
 End Bits:   [0x000001f3b6800000, 0x000001f3b7770000)

Polling page: 0x000001f3a4740000

CodeCache: size=245760Kb used=329Kb max_used=329Kb free=245430Kb
 bounds [0x000001f3a6190000, 0x000001f3a6400000, 0x000001f3b5190000]
 total_blobs=58 nmethods=0 adapters=38
 compilation: enabled

Compilation events (0 events):
No events

GC Heap History (0 events):
No events

Deoptimization events (0 events):
No events

Classes redefined (0 events):
No events

Internal exceptions (0 events):
No events

Events (10 events):
Event: 0.036 loading class java/lang/Short
Event: 0.036 loading class java/lang/Short done
Event: 0.036 loading class java/lang/Integer
Event: 0.036 loading class java/lang/Integer done
Event: 0.036 loading class java/lang/Long
Event: 0.037 loading class java/lang/Long done
Event: 0.037 loading class java/lang/NullPointerException
Event: 0.038 loading class java/lang/NullPointerException done
Event: 0.038 loading class java/lang/ArithmeticException
Event: 0.038 loading class java/lang/ArithmeticException done


Dynamic libraries:
0x00007ff749dc0000 - 0x00007ff749e07000 	C:\Program Files\Java\jdk1.8.0_311\bin\java.exe
0x00007ff9516b0000 - 0x00007ff9518a6000 	C:\WINDOWS\SYSTEM32\ntdll.dll
0x00007ff950790000 - 0x00007ff95084d000 	C:\WINDOWS\System32\KERNEL32.DLL
0x00007ff94ef40000 - 0x00007ff94f208000 	C:\WINDOWS\System32\KERNELBASE.dll
0x00007ff950500000 - 0x00007ff9505ac000 	C:\WINDOWS\System32\ADVAPI32.dll
0x00007ff950040000 - 0x00007ff9500de000 	C:\WINDOWS\System32\msvcrt.dll
0x00007ff9506f0000 - 0x00007ff95078b000 	C:\WINDOWS\System32\sechost.dll
0x00007ff94f710000 - 0x00007ff94f834000 	C:\WINDOWS\System32\RPCRT4.dll
0x00007ff950d30000 - 0x00007ff950ed0000 	C:\WINDOWS\System32\USER32.dll
0x00007ff94f400000 - 0x00007ff94f422000 	C:\WINDOWS\System32\win32u.dll
0x00007ff950170000 - 0x00007ff95019a000 	C:\WINDOWS\System32\GDI32.dll
0x00007ff94f260000 - 0x00007ff94f369000 	C:\WINDOWS\System32\gdi32full.dll
0x00007ff94eea0000 - 0x00007ff94ef3d000 	C:\WINDOWS\System32\msvcp_win.dll
0x00007ff94f590000 - 0x00007ff94f690000 	C:\WINDOWS\System32\ucrtbase.dll
0x00007ff9354e0000 - 0x00007ff93577b000 	C:\WINDOWS\WinSxS\amd64_microsoft.windows.common-controls_6595b64144ccf1df_6.0.19041.488_none_ca04af081b815d21\COMCTL32.dll
0x00007ff951100000 - 0x00007ff951130000 	C:\WINDOWS\System32\IMM32.DLL
0x00007ff945390000 - 0x00007ff9453a5000 	C:\Program Files\Java\jdk1.8.0_311\jre\bin\vcruntime140.dll
0x00007ff919780000 - 0x00007ff91981b000 	C:\Program Files\Java\jdk1.8.0_311\jre\bin\msvcp140.dll
0x0000000050050000 - 0x00000000508b0000 	C:\Program Files\Java\jdk1.8.0_311\jre\bin\server\jvm.dll
0x00007ff950160000 - 0x00007ff950168000 	C:\WINDOWS\System32\PSAPI.DLL
0x00007ff943940000 - 0x00007ff94394a000 	C:\WINDOWS\SYSTEM32\VERSION.dll
0x00007ff945380000 - 0x00007ff945389000 	C:\WINDOWS\SYSTEM32\WSOCK32.dll
0x00007ff934e80000 - 0x00007ff934ea7000 	C:\WINDOWS\SYSTEM32\WINMM.dll
0x00007ff951090000 - 0x00007ff9510fb000 	C:\WINDOWS\System32\WS2_32.dll
0x00007ff94da10000 - 0x00007ff94da22000 	C:\WINDOWS\SYSTEM32\kernel.appcore.dll
0x00007ff945370000 - 0x00007ff945380000 	C:\Program Files\Java\jdk1.8.0_311\jre\bin\verify.dll
0x00007ff9450d0000 - 0x00007ff9450fb000 	C:\Program Files\Java\jdk1.8.0_311\jre\bin\java.dll
0x00007ff945350000 - 0x00007ff945368000 	C:\Program Files\Java\jdk1.8.0_311\jre\bin\zip.dll
0x00007ff94d3f0000 - 0x00007ff94d5d4000 	C:\WINDOWS\SYSTEM32\dbghelp.dll
0x00007ff94f690000 - 0x00007ff94f70f000 	C:\WINDOWS\System32\bcryptPrimitives.dll

VM Arguments:
jvm_args: -Dfile.encoding=UTF-8 
java_command: hotel.management.system.UpdateCheckout
java_class_path (initial): C:\Program Files\NetBeans 8.0\ide\modules\ext\mysql-connector-java-5.1.23-bin.jar;C:\Users\anukriti singh\Documents\NetBeansProjects\Hotel Management System\src\hotel\management\system\rs2xml.jar;C:\Users\anukriti singh\Documents\NetBeansProjects\Hotel Management System\build\classes
Launcher Type: SUN_STANDARD

Environment Variables:
PATH=C:\Program Files\Common Files\Oracle\Java\javapath;C:\Program Files (x86)\Common Files\Oracle\Java\javapath;C:\WINDOWS\system32;C:\WINDOWS;C:\WINDOWS\System32\Wbem;C:\WINDOWS\System32\WindowsPowerShell\v1.0\;C:\WINDOWS\System32\OpenSSH\;C:\Program Files\Java;C:\Program Files\Java\jdk-16.0.2\bin;C:\Program Files\Java\jdk1.8.0_311\bin;C:\Program Files\Java\jre1.8.0_311\bin;C:\Program Files\MySQL\MySQL Server 5.5\bin;C:\Users\anukriti singh\AppData\Local\Programs\Python\Python310\Scripts\;C:\Users\anukriti singh\AppData\Local\Programs\Python\Python310\;C:\Users\anukriti singh\AppData\Local\Microsoft\WindowsApps;;C:\Program Files\JetBrains\IntelliJ IDEA Community Edition 2021.2.2\bin;;C:\Users\anukriti singh\AppData\Local\Programs\Microsoft VS Code\bin
USERNAME=anukriti singh
OS=Windows_NT
PROCESSOR_IDENTIFIER=Intel64 Family 6 Model 142 Stepping 12, GenuineIntel



---------------  S Y S T E M  ---------------

OS: Windows 10.0 , 64 bit Build 19041 (10.0.19041.546)

CPU:total 4 (initial active 4) (2 cores per cpu, 2 threads per core) family 6 model 142 stepping 12, cmov, cx8, fxsr, mmx, sse, sse2, sse3, ssse3, sse4.1, sse4.2, popcnt, avx, avx2, aes, clmul, erms, 3dnowpref, lzcnt, ht, tsc, tscinvbit, bmi1, bmi2, adx

Memory: 4k page, physical 4043232k(335472k free), swap 16626144k(5828k free)

vm_info: Java HotSpot(TM) 64-Bit Server VM (25.311-b11) for windows-amd64 JRE (1.8.0_311-b11), built on Sep 27 2021 05:15:14 by "java_re" with MS VC++ 15.9 (VS2017)

time: Fri May 27 10:02:25 2022
timezone: India Standard Time
elapsed time: 0.077133 seconds (0d 0h 0m 0s)

