#
# There is insufficient memory for the Java Runtime Environment to continue.
# Native memory allocation (malloc) failed to allocate 437072 bytes for Chunk::new
# Possible reasons:
#   The system is out of physical RAM or swap space
#   The process is running with CompressedOops enabled, and the Java Heap may be blocking the growth of the native heap
# Possible solutions:
#   Reduce memory load on the system
#   Increase physical memory or swap space
#   Check if swap backing store is full
#   Decrease Java heap size (-Xmx/-Xms)
#   Decrease number of Java threads
#   Decrease Java thread stack sizes (-Xss)
#   Set larger code cache with -XX:ReservedCodeCacheSize=
#   JVM is running with Unscaled Compressed Oops mode in which the Java heap is
#     placed in the first 4GB address space. The Java Heap base address is the
#     maximum limit for the native heap growth. Please use -XX:HeapBaseMinAddress
#     to set the Java Heap base and to place the Java Heap above 4GB virtual address.
# This output file may be truncated or incomplete.
#
#  Out of Memory Error (allocation.cpp:389), pid=7928, tid=0x0000000000002d58
#
# JRE version: Java(TM) SE Runtime Environment (8.0_311-b11) (build 1.8.0_311-b11)
# Java VM: Java HotSpot(TM) 64-Bit Server VM (25.311-b11 mixed mode windows-amd64 compressed oops)
# Failed to write core dump. Minidumps are not enabled by default on client versions of Windows
#

---------------  T H R E A D  ---------------

Current thread (0x000001b143ae4800):  JavaThread "C2 CompilerThread0" daemon [_thread_in_native, id=11608, stack(0x000000a59c300000,0x000000a59c400000)]

Stack: [0x000000a59c300000,0x000000a59c400000]
Native frames: (J=compiled Java code, j=interpreted, Vv=VM code, C=native code)
V  [jvm.dll+0x32f239]
V  [jvm.dll+0x275882]
V  [jvm.dll+0x27652d]
V  [jvm.dll+0x26cf65]
V  [jvm.dll+0xd558c]
V  [jvm.dll+0xd5d8c]
V  [jvm.dll+0x4b7627]
V  [jvm.dll+0x4b658e]
V  [jvm.dll+0x44101e]
V  [jvm.dll+0x4405d5]
V  [jvm.dll+0x42b38b]
V  [jvm.dll+0xac22b]
V  [jvm.dll+0xaa88b]
V  [jvm.dll+0x23df22]
V  [jvm.dll+0x29253c]
C  [ucrtbase.dll+0x214c2]
C  [KERNEL32.DLL+0x17034]
C  [ntdll.dll+0x4cec1]


Current CompileTask:
C2:3007714  676       4       javax.swing.JComponent::setVisible (56 bytes)


---------------  P R O C E S S  ---------------

Java Threads: ( => current thread )
  0x000001b144a49800 JavaThread "AWT-EventQueue-0" [_thread_blocked, id=11848, stack(0x000000a59cc00000,0x000000a59cd00000)]
  0x000001b1449c0000 JavaThread "AWT-Windows" daemon [_thread_in_native, id=6952, stack(0x000000a59ca00000,0x000000a59cb00000)]
  0x000001b1449b6800 JavaThread "AWT-Shutdown" [_thread_blocked, id=4860, stack(0x000000a59c900000,0x000000a59ca00000)]
  0x000001b1449b1000 JavaThread "Java2D Disposer" daemon [_thread_blocked, id=2848, stack(0x000000a59c800000,0x000000a59c900000)]
  0x000001b143b72000 JavaThread "Service Thread" daemon [_thread_blocked, id=11304, stack(0x000000a59c600000,0x000000a59c700000)]
  0x000001b143af0800 JavaThread "C1 CompilerThread2" daemon [_thread_blocked, id=4624, stack(0x000000a59c500000,0x000000a59c600000)]
  0x000001b143ae9800 JavaThread "C2 CompilerThread1" daemon [_thread_blocked, id=4940, stack(0x000000a59c400000,0x000000a59c500000)]
=>0x000001b143ae4800 JavaThread "C2 CompilerThread0" daemon [_thread_in_native, id=11608, stack(0x000000a59c300000,0x000000a59c400000)]
  0x000001b143ae3000 JavaThread "Attach Listener" daemon [_thread_blocked, id=11512, stack(0x000000a59c200000,0x000000a59c300000)]
  0x000001b143ae0800 JavaThread "Signal Dispatcher" daemon [_thread_blocked, id=11596, stack(0x000000a59c100000,0x000000a59c200000)]
  0x000001b143394800 JavaThread "Finalizer" daemon [_thread_blocked, id=2352, stack(0x000000a59c000000,0x000000a59c100000)]
  0x000001b143ac6000 JavaThread "Reference Handler" daemon [_thread_blocked, id=10880, stack(0x000000a59bf00000,0x000000a59c000000)]
  0x000001b12f8ff000 JavaThread "main" [_thread_blocked, id=11760, stack(0x000000a59b900000,0x000000a59ba00000)]

Other Threads:
  0x000001b143aa3000 VMThread [stack: 0x000000a59be00000,0x000000a59bf00000] [id=3948]
  0x000001b143b8e800 WatcherThread [stack: 0x000000a59c700000,0x000000a59c800000] [id=11440]

VM state:not at safepoint (normal execution)

VM Mutex/Monitor currently owned by a thread: None

heap address: 0x00000000c2400000, size: 988 MB, Compressed Oops mode: 32-bit
Narrow klass base: 0x0000000000000000, Narrow klass shift: 3
Compressed class space size: 1073741824 Address: 0x0000000100000000

Heap:
 PSYoungGen      total 18432K, used 14019K [0x00000000eb700000, 0x00000000ecb80000, 0x0000000100000000)
  eden space 15872K, 88% used [0x00000000eb700000,0x00000000ec4b0d40,0x00000000ec680000)
  from space 2560K, 0% used [0x00000000ec900000,0x00000000ec900000,0x00000000ecb80000)
  to   space 2560K, 0% used [0x00000000ec680000,0x00000000ec680000,0x00000000ec900000)
 ParOldGen       total 42496K, used 0K [0x00000000c2400000, 0x00000000c4d80000, 0x00000000eb700000)
  object space 42496K, 0% used [0x00000000c2400000,0x00000000c2400000,0x00000000c4d80000)
 Metaspace       used 9906K, capacity 10120K, committed 10240K, reserved 1058816K
  class space    used 1172K, capacity 1258K, committed 1280K, reserved 1048576K

Card table byte_map: [0x000001b140670000,0x000001b140860000] byte_map_base: 0x000001b14005e000

Marking Bits: (ParMarkBitMap*) 0x0000000055888030
 Begin Bits: [0x000001b1409b0000, 0x000001b141920000)
 End Bits:   [0x000001b141920000, 0x000001b142890000)

Polling page: 0x000001b12fc50000

CodeCache: size=245760Kb used=2701Kb max_used=2719Kb free=243058Kb
 bounds [0x000001b1312b0000, 0x000001b131560000, 0x000001b1402b0000]
 total_blobs=1132 nmethods=676 adapters=369
 compilation: enabled

Compilation events (10 events):
Event: 2997.945 Thread 0x000001b143ae4800 nmethod 672 0x000001b13153a6d0 code [0x000001b13153a820, 0x000001b13153a908]
Event: 3003.570 Thread 0x000001b143ae4800  673       4       java.awt.Container::createHierarchyEvents (75 bytes)
Event: 3003.573 Thread 0x000001b143ae9800  674       4       java.awt.Component::createHierarchyEvents (173 bytes)
Event: 3003.580 Thread 0x000001b143ae9800 nmethod 674 0x000001b13153a0d0 code [0x000001b13153a260, 0x000001b13153a490]
Event: 3003.583 Thread 0x000001b143ae4800 nmethod 673 0x000001b13153b8d0 code [0x000001b13153ba80, 0x000001b13153bd70]
Event: 3004.091 Thread 0x000001b143ae9800  675   !   4       java.awt.EventQueue::isDispatchThreadImpl (99 bytes)
Event: 3004.103 Thread 0x000001b143ae9800 nmethod 675 0x000001b13153b050 code [0x000001b13153b1c0, 0x000001b13153b4c8]
Event: 3007.442 Thread 0x000001b143ae4800  676       4       javax.swing.JComponent::setVisible (56 bytes)
Event: 3007.444 Thread 0x000001b143ae9800  677       4       javax.swing.JComponent::revalidate (53 bytes)
Event: 3007.574 Thread 0x000001b143ae9800 nmethod 677 0x000001b1315568d0 code [0x000001b131556ca0, 0x000001b131558a88]

GC Heap History (0 events):
No events

Deoptimization events (0 events):
No events

Classes redefined (0 events):
No events

Internal exceptions (10 events):
Event: 0.048 Thread 0x000001b12f8ff000 Exception <a 'java/lang/NoSuchMethodError': Method sun.misc.Unsafe.defineClass(Ljava/lang/String;[BII)Ljava/lang/Class; name or signature does not match> (0x00000000eb707cc0) thrown at [C:\jenkins\workspace\8-2-build-windows-amd64-cygwin\jdk8u311\1894\hot
Event: 0.048 Thread 0x000001b12f8ff000 Exception <a 'java/lang/NoSuchMethodError': Method sun.misc.Unsafe.prefetchRead(Ljava/lang/Object;J)V name or signature does not match> (0x00000000eb707fa8) thrown at [C:\jenkins\workspace\8-2-build-windows-amd64-cygwin\jdk8u311\1894\hotspot\src\share\vm\
Event: 0.153 Thread 0x000001b12f8ff000 Exception <a 'java/security/PrivilegedActionException'> (0x00000000eb782fc8) thrown at [C:\jenkins\workspace\8-2-build-windows-amd64-cygwin\jdk8u311\1894\hotspot\src\share\vm\prims\jvm.cpp, line 1523]
Event: 0.153 Thread 0x000001b12f8ff000 Exception <a 'java/security/PrivilegedActionException'> (0x00000000eb7831d8) thrown at [C:\jenkins\workspace\8-2-build-windows-amd64-cygwin\jdk8u311\1894\hotspot\src\share\vm\prims\jvm.cpp, line 1523]
Event: 0.154 Thread 0x000001b12f8ff000 Exception <a 'java/security/PrivilegedActionException'> (0x00000000eb7870e8) thrown at [C:\jenkins\workspace\8-2-build-windows-amd64-cygwin\jdk8u311\1894\hotspot\src\share\vm\prims\jvm.cpp, line 1523]
Event: 0.154 Thread 0x000001b12f8ff000 Exception <a 'java/security/PrivilegedActionException'> (0x00000000eb7872f8) thrown at [C:\jenkins\workspace\8-2-build-windows-amd64-cygwin\jdk8u311\1894\hotspot\src\share\vm\prims\jvm.cpp, line 1523]
Event: 0.165 Thread 0x000001b12f8ff000 Exception <a 'java/io/FileNotFoundException'> (0x00000000eb78e240) thrown at [C:\jenkins\workspace\8-2-build-windows-amd64-cygwin\jdk8u311\1894\hotspot\src\share\vm\prims\jni.cpp, line 710]
Event: 0.227 Thread 0x000001b12f8ff000 Exception <a 'java/lang/NoSuchFieldError': method resolution failed> (0x00000000eb8af090) thrown at [C:\jenkins\workspace\8-2-build-windows-amd64-cygwin\jdk8u311\1894\hotspot\src\share\vm\prims\methodHandles.cpp, line 1169]
Event: 0.231 Thread 0x000001b12f8ff000 Exception <a 'java/lang/NoSuchFieldError': method resolution failed> (0x00000000eb8bc460) thrown at [C:\jenkins\workspace\8-2-build-windows-amd64-cygwin\jdk8u311\1894\hotspot\src\share\vm\prims\methodHandles.cpp, line 1169]
Event: 0.305 Thread 0x000001b12f8ff000 Exception <a 'java/io/FileNotFoundException'> (0x00000000eb9572a8) thrown at [C:\jenkins\workspace\8-2-build-windows-amd64-cygwin\jdk8u311\1894\hotspot\src\share\vm\prims\jni.cpp, line 710]

Events (10 events):
Event: 2.410 loading class sun/reflect/UnsafeBooleanFieldAccessorImpl done
Event: 3.574 loading class java/awt/LightweightDispatcher$2
Event: 3.574 loading class java/awt/LightweightDispatcher$2 done
Event: 4.153 Executing VM operation: EnableBiasedLocking
Event: 4.154 Executing VM operation: EnableBiasedLocking done
Event: 4.461 loading class java/awt/KeyboardFocusManager$2
Event: 4.461 loading class java/awt/KeyboardFocusManager$2 done
Event: 4.462 loading class sun/awt/SunToolkit$1
Event: 4.462 loading class sun/awt/SunToolkit$1 done
Event: 5.563 Thread 0x000001b1449e7000 Thread exited: 0x000001b1449e7000


Dynamic libraries:
0x00007ff7fb120000 - 0x00007ff7fb167000 	C:\Program Files\Java\jdk1.8.0_311\bin\java.exe
0x00007ffd5a3b0000 - 0x00007ffd5a5a6000 	C:\WINDOWS\SYSTEM32\ntdll.dll
0x00007ffd59660000 - 0x00007ffd5971d000 	C:\WINDOWS\System32\KERNEL32.DLL
0x00007ffd58070000 - 0x00007ffd58338000 	C:\WINDOWS\System32\KERNELBASE.dll
0x00007ffd595b0000 - 0x00007ffd5965c000 	C:\WINDOWS\System32\ADVAPI32.dll
0x00007ffd58800000 - 0x00007ffd5889e000 	C:\WINDOWS\System32\msvcrt.dll
0x00007ffd58610000 - 0x00007ffd586ab000 	C:\WINDOWS\System32\sechost.dll
0x00007ffd588a0000 - 0x00007ffd589c4000 	C:\WINDOWS\System32\RPCRT4.dll
0x00007ffd59260000 - 0x00007ffd59400000 	C:\WINDOWS\System32\USER32.dll
0x00007ffd57d80000 - 0x00007ffd57da2000 	C:\WINDOWS\System32\win32u.dll
0x00007ffd5a340000 - 0x00007ffd5a36a000 	C:\WINDOWS\System32\GDI32.dll
0x00007ffd57c70000 - 0x00007ffd57d79000 	C:\WINDOWS\System32\gdi32full.dll
0x00007ffd57af0000 - 0x00007ffd57b8d000 	C:\WINDOWS\System32\msvcp_win.dll
0x00007ffd57db0000 - 0x00007ffd57eb0000 	C:\WINDOWS\System32\ucrtbase.dll
0x00007ffd42800000 - 0x00007ffd42a9b000 	C:\WINDOWS\WinSxS\amd64_microsoft.windows.common-controls_6595b64144ccf1df_6.0.19041.488_none_ca04af081b815d21\COMCTL32.dll
0x00007ffd5a260000 - 0x00007ffd5a290000 	C:\WINDOWS\System32\IMM32.DLL
0x00007ffd46220000 - 0x00007ffd46235000 	C:\Program Files\Java\jdk1.8.0_311\jre\bin\vcruntime140.dll
0x00007ffd2efc0000 - 0x00007ffd2f05b000 	C:\Program Files\Java\jdk1.8.0_311\jre\bin\msvcp140.dll
0x00000000550a0000 - 0x0000000055900000 	C:\Program Files\Java\jdk1.8.0_311\jre\bin\server\jvm.dll
0x00007ffd58af0000 - 0x00007ffd58af8000 	C:\WINDOWS\System32\PSAPI.DLL
0x00007ffd461b0000 - 0x00007ffd461d7000 	C:\WINDOWS\SYSTEM32\WINMM.dll
0x00007ffd4dc80000 - 0x00007ffd4dc8a000 	C:\WINDOWS\SYSTEM32\VERSION.dll
0x00007ffd50180000 - 0x00007ffd50189000 	C:\WINDOWS\SYSTEM32\WSOCK32.dll
0x00007ffd58790000 - 0x00007ffd587fb000 	C:\WINDOWS\System32\WS2_32.dll
0x00007ffd563d0000 - 0x00007ffd563e2000 	C:\WINDOWS\SYSTEM32\kernel.appcore.dll
0x00007ffd50170000 - 0x00007ffd50180000 	C:\Program Files\Java\jdk1.8.0_311\jre\bin\verify.dll
0x00007ffd33e80000 - 0x00007ffd33eab000 	C:\Program Files\Java\jdk1.8.0_311\jre\bin\java.dll
0x00007ffd3ebb0000 - 0x00007ffd3ebc8000 	C:\Program Files\Java\jdk1.8.0_311\jre\bin\zip.dll
0x00007ffd58b00000 - 0x00007ffd59241000 	C:\WINDOWS\System32\SHELL32.dll
0x00007ffd55880000 - 0x00007ffd56015000 	C:\WINDOWS\SYSTEM32\windows.storage.dll
0x00007ffd598d0000 - 0x00007ffd59c25000 	C:\WINDOWS\System32\combase.dll
0x00007ffd574f0000 - 0x00007ffd5751c000 	C:\WINDOWS\SYSTEM32\Wldp.dll
0x00007ffd5a290000 - 0x00007ffd5a33e000 	C:\WINDOWS\System32\SHCORE.dll
0x00007ffd585b0000 - 0x00007ffd58605000 	C:\WINDOWS\System32\shlwapi.dll
0x00007ffd57a20000 - 0x00007ffd57a46000 	C:\WINDOWS\SYSTEM32\profapi.dll
0x00007ffd0a650000 - 0x00007ffd0a7e5000 	C:\Program Files\Java\jdk1.8.0_311\jre\bin\awt.dll
0x00007ffd59780000 - 0x00007ffd5984d000 	C:\WINDOWS\System32\OLEAUT32.dll
0x00007ffd55050000 - 0x00007ffd550e0000 	C:\WINDOWS\SYSTEM32\apphelp.dll
0x00007ffd55590000 - 0x00007ffd555bf000 	C:\WINDOWS\system32\DWMAPI.DLL
0x00007ffd551e0000 - 0x00007ffd5527e000 	C:\WINDOWS\system32\uxtheme.dll
0x00007ffd41f00000 - 0x00007ffd42025000 	C:\WINDOWS\system32\opengl32.dll
0x00007ffd41e90000 - 0x00007ffd41ebc000 	C:\WINDOWS\SYSTEM32\GLU32.dll
0x00007ffd589d0000 - 0x00007ffd58ae5000 	C:\WINDOWS\System32\MSCTF.dll
0x00007ffd59c30000 - 0x00007ffd59d5a000 	C:\WINDOWS\System32\ole32.dll
0x00007ffd58340000 - 0x00007ffd583bf000 	C:\WINDOWS\System32\bcryptPrimitives.dll
0x00007ffd2ef80000 - 0x00007ffd2efb2000 	C:\Program Files\Java\jdk1.8.0_311\jre\bin\jpeg.dll
0x00007ffd2c440000 - 0x00007ffd2c489000 	C:\Program Files\Java\jdk1.8.0_311\jre\bin\fontmanager.dll
0x00007ffd3fc20000 - 0x00007ffd3fd1c000 	C:\WINDOWS\SYSTEM32\textinputframework.dll
0x00007ffd549a0000 - 0x00007ffd54cfe000 	C:\WINDOWS\System32\CoreUIComponents.dll
0x00007ffd54d10000 - 0x00007ffd54e02000 	C:\WINDOWS\System32\CoreMessaging.dll
0x00007ffd53640000 - 0x00007ffd53796000 	C:\WINDOWS\SYSTEM32\wintypes.dll
0x00007ffd56830000 - 0x00007ffd56863000 	C:\WINDOWS\SYSTEM32\ntmarta.dll
0x00007ffd3a8b0000 - 0x00007ffd3a8cc000 	C:\Program Files\Java\jdk1.8.0_311\jre\bin\net.dll
0x00007ffd57270000 - 0x00007ffd572da000 	C:\WINDOWS\system32\mswsock.dll
0x00007ffd398d0000 - 0x00007ffd398e3000 	C:\Program Files\Java\jdk1.8.0_311\jre\bin\nio.dll
0x00007ffd1b1c0000 - 0x00007ffd1b203000 	C:\Program Files\Java\jdk1.8.0_311\jre\bin\t2k.dll
0x00007ffd560f0000 - 0x00007ffd562d4000 	C:\WINDOWS\SYSTEM32\dbghelp.dll

VM Arguments:
jvm_args: -Dfile.encoding=UTF-8 
java_command: hotel.management.system.HotelManagementSystem
java_class_path (initial): C:\Users\anukriti singh\Documents\NetBeansProjects\Hotel Management System\build\classes
Launcher Type: SUN_STANDARD

Environment Variables:
PATH=C:\Program Files\Common Files\Oracle\Java\javapath;C:\Program Files (x86)\Common Files\Oracle\Java\javapath;C:\WINDOWS\system32;C:\WINDOWS;C:\WINDOWS\System32\Wbem;C:\WINDOWS\System32\WindowsPowerShell\v1.0\;C:\WINDOWS\System32\OpenSSH\;C:\Program Files\Java;C:\Program Files\Java\jdk-16.0.2\bin;C:\Program Files\Java\jdk1.8.0_311\bin;C:\Program Files\Java\jre1.8.0_311\bin;C:\Users\anukriti singh\AppData\Local\Programs\Python\Python310\Scripts\;C:\Users\anukriti singh\AppData\Local\Programs\Python\Python310\;C:\Users\anukriti singh\AppData\Local\Microsoft\WindowsApps;;C:\Program Files\JetBrains\IntelliJ IDEA Community Edition 2021.2.2\bin;;C:\Users\anukriti singh\AppData\Local\Programs\Microsoft VS Code\bin
USERNAME=anukriti singh
OS=Windows_NT
PROCESSOR_IDENTIFIER=Intel64 Family 6 Model 142 Stepping 12, GenuineIntel



---------------  S Y S T E M  ---------------

OS: Windows 10.0 , 64 bit Build 19041 (10.0.19041.546)

CPU:total 4 (initial active 4) (2 cores per cpu, 2 threads per core) family 6 model 142 stepping 12, cmov, cx8, fxsr, mmx, sse, sse2, sse3, ssse3, sse4.1, sse4.2, popcnt, avx, avx2, aes, clmul, erms, 3dnowpref, lzcnt, ht, tsc, tscinvbit, bmi1, bmi2, adx

Memory: 4k page, physical 4043232k(436044k free), swap 16626144k(4196k free)

vm_info: Java HotSpot(TM) 64-Bit Server VM (25.311-b11) for windows-amd64 JRE (1.8.0_311-b11), built on Sep 27 2021 05:15:14 by "java_re" with MS VC++ 15.9 (VS2017)

time: Sat Feb 12 11:51:44 2022
timezone: India Standard Time
elapsed time: 3007.731813 seconds (0d 0h 50m 7s)

