#
# There is insufficient memory for the Java Runtime Environment to continue.
# Native memory allocation (malloc) failed to allocate 32744 bytes for ChunkPool::allocate
# Possible reasons:
#   The system is out of physical RAM or swap space
#   The process is running with CompressedOops enabled, and the Java Heap may be blocking the growth of the native heap
# Possible solutions:
#   Reduce memory load on the system
#   Increase physical memory or swap space
#   Check if swap backing store is full
#   Decrease Java heap size (-Xmx/-Xms)
#   Decrease number of Java threads
#   Decrease Java thread stack sizes (-Xss)
#   Set larger code cache with -XX:ReservedCodeCacheSize=
#   JVM is running with Unscaled Compressed Oops mode in which the Java heap is
#     placed in the first 4GB address space. The Java Heap base address is the
#     maximum limit for the native heap growth. Please use -XX:HeapBaseMinAddress
#     to set the Java Heap base and to place the Java Heap above 4GB virtual address.
# This output file may be truncated or incomplete.
#
#  Out of Memory Error (allocation.cpp:272), pid=10300, tid=0x0000000000002144
#
# JRE version: Java(TM) SE Runtime Environment (8.0_311-b11) (build 1.8.0_311-b11)
# Java VM: Java HotSpot(TM) 64-Bit Server VM (25.311-b11 mixed mode windows-amd64 compressed oops)
# Failed to write core dump. Minidumps are not enabled by default on client versions of Windows
#

---------------  T H R E A D  ---------------

Current thread (0x000001e4574be000):  JavaThread "C2 CompilerThread1" daemon [_thread_in_native, id=8516, stack(0x0000005bb3200000,0x0000005bb3300000)]

Stack: [0x0000005bb3200000,0x0000005bb3300000]
Native frames: (J=compiled Java code, j=interpreted, Vv=VM code, C=native code)
V  [jvm.dll+0x32f239]


Current CompileTask:
C2:29049429  589       4       java.util.Arrays::binarySearch0 (95 bytes)


---------------  P R O C E S S  ---------------

Java Threads: ( => current thread )
  0x000001e4591c1000 JavaThread "TimerQueue" daemon [_thread_blocked, id=3384, stack(0x0000005bb3e00000,0x0000005bb3f00000)]
  0x000001e4433fd800 JavaThread "DestroyJavaVM" [_thread_blocked, id=9536, stack(0x0000005bb2700000,0x0000005bb2800000)]
  0x000001e45843c800 JavaThread "AWT-EventQueue-0" [_thread_blocked, id=256, stack(0x0000005bb3a00000,0x0000005bb3b00000)]
  0x000001e4583a1000 JavaThread "AWT-Windows" daemon [_thread_in_native, id=12312, stack(0x0000005bb3800000,0x0000005bb3900000)]
  0x000001e45839d800 JavaThread "AWT-Shutdown" [_thread_blocked, id=3420, stack(0x0000005bb3700000,0x0000005bb3800000)]
  0x000001e458398000 JavaThread "Java2D Disposer" daemon [_thread_blocked, id=4460, stack(0x0000005bb3600000,0x0000005bb3700000)]
  0x000001e45753a000 JavaThread "Service Thread" daemon [_thread_blocked, id=2608, stack(0x0000005bb3400000,0x0000005bb3500000)]
  0x000001e4574db000 JavaThread "C1 CompilerThread2" daemon [_thread_blocked, id=13196, stack(0x0000005bb3300000,0x0000005bb3400000)]
=>0x000001e4574be000 JavaThread "C2 CompilerThread1" daemon [_thread_in_native, id=8516, stack(0x0000005bb3200000,0x0000005bb3300000)]
  0x000001e4574a3800 JavaThread "C2 CompilerThread0" daemon [_thread_blocked, id=6056, stack(0x0000005bb3100000,0x0000005bb3200000)]
  0x000001e4574a2000 JavaThread "Attach Listener" daemon [_thread_blocked, id=5564, stack(0x0000005bb3000000,0x0000005bb3100000)]
  0x000001e4574b6000 JavaThread "Signal Dispatcher" daemon [_thread_blocked, id=6616, stack(0x0000005bb2f00000,0x0000005bb3000000)]
  0x000001e456d55800 JavaThread "Finalizer" daemon [_thread_blocked, id=9160, stack(0x0000005bb2e00000,0x0000005bb2f00000)]
  0x000001e457496000 JavaThread "Reference Handler" daemon [_thread_blocked, id=13488, stack(0x0000005bb2d00000,0x0000005bb2e00000)]

Other Threads:
  0x000001e457472800 VMThread [stack: 0x0000005bb2c00000,0x0000005bb2d00000] [id=12180]
  0x000001e457514000 WatcherThread [stack: 0x0000005bb3500000,0x0000005bb3600000] [id=976]

VM state:not at safepoint (normal execution)

VM Mutex/Monitor currently owned by a thread: None

heap address: 0x00000000c2400000, size: 988 MB, Compressed Oops mode: 32-bit
Narrow klass base: 0x0000000000000000, Narrow klass shift: 3
Compressed class space size: 1073741824 Address: 0x0000000100000000

Heap:
 PSYoungGen      total 18432K, used 4565K [0x00000000eb700000, 0x00000000edb00000, 0x0000000100000000)
  eden space 15872K, 18% used [0x00000000eb700000,0x00000000eb9e5678,0x00000000ec680000)
  from space 2560K, 62% used [0x00000000ec680000,0x00000000ec810000,0x00000000ec900000)
  to   space 2560K, 0% used [0x00000000ed880000,0x00000000ed880000,0x00000000edb00000)
 ParOldGen       total 42496K, used 16883K [0x00000000c2400000, 0x00000000c4d80000, 0x00000000eb700000)
  object space 42496K, 39% used [0x00000000c2400000,0x00000000c347cc30,0x00000000c4d80000)
 Metaspace       used 10788K, capacity 11006K, committed 11264K, reserved 1058816K
  class space    used 1336K, capacity 1427K, committed 1536K, reserved 1048576K

Card table byte_map: [0x000001e4541a0000,0x000001e454390000] byte_map_base: 0x000001e453b8e000

Marking Bits: (ParMarkBitMap*) 0x0000000057818030
 Begin Bits: [0x000001e454390000, 0x000001e455300000)
 End Bits:   [0x000001e455300000, 0x000001e456270000)

Polling page: 0x000001e443350000

CodeCache: size=245760Kb used=2284Kb max_used=2288Kb free=243475Kb
 bounds [0x000001e444de0000, 0x000001e445050000, 0x000001e453de0000]
 total_blobs=1059 nmethods=588 adapters=384
 compilation: enabled

Compilation events (10 events):
Event: 28924.939 Thread 0x000001e4574db000 nmethod 584 0x000001e445018990 code [0x000001e445018b20, 0x000001e445018ed0]
Event: 28925.233 Thread 0x000001e4574db000  585       3       java.lang.invoke.LambdaForm::parameter (52 bytes)
Event: 28925.233 Thread 0x000001e4574db000 nmethod 585 0x000001e445019090 code [0x000001e4450191e0, 0x000001e445019378]
Event: 28925.347 Thread 0x000001e4574a3800  586       4       java.util.HashMap::hash (20 bytes)
Event: 28925.352 Thread 0x000001e4574a3800 nmethod 586 0x000001e44501c110 code [0x000001e44501c240, 0x000001e44501c2f8]
Event: 28925.355 Thread 0x000001e4574db000  587   !   3       java.awt.Toolkit::setDesktopProperty (81 bytes)
Event: 28925.357 Thread 0x000001e4574db000 nmethod 587 0x000001e44501a990 code [0x000001e44501abc0, 0x000001e44501bad0]
Event: 28925.357 Thread 0x000001e4574db000  588       3       java.util.HashMap$HashIterator::<init> (79 bytes)
Event: 28925.358 Thread 0x000001e4574db000 nmethod 588 0x000001e44501a310 code [0x000001e44501a480, 0x000001e44501a818]
Event: 29049.305 Thread 0x000001e4574be000  589       4       java.util.Arrays::binarySearch0 (95 bytes)

GC Heap History (2 events):
Event: 0.355 GC heap before
{Heap before GC invocations=1 (full 0):
 PSYoungGen      total 18432K, used 15872K [0x00000000eb700000, 0x00000000ecb80000, 0x0000000100000000)
  eden space 15872K, 100% used [0x00000000eb700000,0x00000000ec680000,0x00000000ec680000)
  from space 2560K, 0% used [0x00000000ec900000,0x00000000ec900000,0x00000000ecb80000)
  to   space 2560K, 0% used [0x00000000ec680000,0x00000000ec680000,0x00000000ec900000)
 ParOldGen       total 42496K, used 0K [0x00000000c2400000, 0x00000000c4d80000, 0x00000000eb700000)
  object space 42496K, 0% used [0x00000000c2400000,0x00000000c2400000,0x00000000c4d80000)
 Metaspace       used 9293K, capacity 9440K, committed 9728K, reserved 1058816K
  class space    used 1138K, capacity 1226K, committed 1280K, reserved 1048576K
Event: 0.367 GC heap after
Heap after GC invocations=1 (full 0):
 PSYoungGen      total 18432K, used 1600K [0x00000000eb700000, 0x00000000edb00000, 0x0000000100000000)
  eden space 15872K, 0% used [0x00000000eb700000,0x00000000eb700000,0x00000000ec680000)
  from space 2560K, 62% used [0x00000000ec680000,0x00000000ec810000,0x00000000ec900000)
  to   space 2560K, 0% used [0x00000000ed880000,0x00000000ed880000,0x00000000edb00000)
 ParOldGen       total 42496K, used 16883K [0x00000000c2400000, 0x00000000c4d80000, 0x00000000eb700000)
  object space 42496K, 39% used [0x00000000c2400000,0x00000000c347cc30,0x00000000c4d80000)
 Metaspace       used 9293K, capacity 9440K, committed 9728K, reserved 1058816K
  class space    used 1138K, capacity 1226K, committed 1280K, reserved 1048576K
}

Deoptimization events (0 events):
No events

Classes redefined (0 events):
No events

Internal exceptions (10 events):
Event: 0.036 Thread 0x000001e4433fd800 Exception <a 'java/lang/NoSuchMethodError': Method sun.misc.Unsafe.defineClass(Ljava/lang/String;[BII)Ljava/lang/Class; name or signature does not match> (0x00000000eb707cc0) thrown at [C:\jenkins\workspace\8-2-build-windows-amd64-cygwin\jdk8u311\1894\hot
Event: 0.036 Thread 0x000001e4433fd800 Exception <a 'java/lang/NoSuchMethodError': Method sun.misc.Unsafe.prefetchRead(Ljava/lang/Object;J)V name or signature does not match> (0x00000000eb707fa8) thrown at [C:\jenkins\workspace\8-2-build-windows-amd64-cygwin\jdk8u311\1894\hotspot\src\share\vm\
Event: 0.101 Thread 0x000001e4433fd800 Exception <a 'java/security/PrivilegedActionException'> (0x00000000eb782fe0) thrown at [C:\jenkins\workspace\8-2-build-windows-amd64-cygwin\jdk8u311\1894\hotspot\src\share\vm\prims\jvm.cpp, line 1523]
Event: 0.101 Thread 0x000001e4433fd800 Exception <a 'java/security/PrivilegedActionException'> (0x00000000eb7831f0) thrown at [C:\jenkins\workspace\8-2-build-windows-amd64-cygwin\jdk8u311\1894\hotspot\src\share\vm\prims\jvm.cpp, line 1523]
Event: 0.102 Thread 0x000001e4433fd800 Exception <a 'java/security/PrivilegedActionException'> (0x00000000eb787100) thrown at [C:\jenkins\workspace\8-2-build-windows-amd64-cygwin\jdk8u311\1894\hotspot\src\share\vm\prims\jvm.cpp, line 1523]
Event: 0.102 Thread 0x000001e4433fd800 Exception <a 'java/security/PrivilegedActionException'> (0x00000000eb787310) thrown at [C:\jenkins\workspace\8-2-build-windows-amd64-cygwin\jdk8u311\1894\hotspot\src\share\vm\prims\jvm.cpp, line 1523]
Event: 0.112 Thread 0x000001e4433fd800 Exception <a 'java/io/FileNotFoundException'> (0x00000000eb78e258) thrown at [C:\jenkins\workspace\8-2-build-windows-amd64-cygwin\jdk8u311\1894\hotspot\src\share\vm\prims\jni.cpp, line 710]
Event: 0.156 Thread 0x000001e4433fd800 Exception <a 'java/lang/NoSuchFieldError': method resolution failed> (0x00000000eb8af0d8) thrown at [C:\jenkins\workspace\8-2-build-windows-amd64-cygwin\jdk8u311\1894\hotspot\src\share\vm\prims\methodHandles.cpp, line 1169]
Event: 0.158 Thread 0x000001e4433fd800 Exception <a 'java/lang/NoSuchFieldError': method resolution failed> (0x00000000eb8bc4a8) thrown at [C:\jenkins\workspace\8-2-build-windows-amd64-cygwin\jdk8u311\1894\hotspot\src\share\vm\prims\methodHandles.cpp, line 1169]
Event: 0.199 Thread 0x000001e4433fd800 Exception <a 'java/io/FileNotFoundException'> (0x00000000eb956f78) thrown at [C:\jenkins\workspace\8-2-build-windows-amd64-cygwin\jdk8u311\1894\hotspot\src\share\vm\prims\jni.cpp, line 710]

Events (10 events):
Event: 28923.270 loading class java/util/WeakHashMap$KeyIterator
Event: 28923.454 loading class java/util/WeakHashMap$HashIterator
Event: 28924.233 loading class java/awt/SystemColor
Event: 28924.281 loading class java/util/WeakHashMap$HashIterator done
Event: 28924.288 loading class java/util/WeakHashMap$KeyIterator done
Event: 28925.042 loading class javax/swing/RepaintManager$DisplayChangedRunnable
Event: 28925.060 loading class javax/swing/RepaintManager$DisplayChangedRunnable done
Event: 28925.220 loading class java/awt/SystemColor done
Event: 28925.233 loading class sun/awt/AWTAccessor$SystemColorAccessor
Event: 28925.237 loading class sun/awt/AWTAccessor$SystemColorAccessor done


Dynamic libraries:
0x00007ff689120000 - 0x00007ff689167000 	C:\Program Files\Java\jdk1.8.0_311\bin\java.exe
0x00007ff84e1f0000 - 0x00007ff84e3e6000 	C:\WINDOWS\SYSTEM32\ntdll.dll
0x00007ff84c250000 - 0x00007ff84c30d000 	C:\WINDOWS\System32\KERNEL32.DLL
0x00007ff84bc70000 - 0x00007ff84bf38000 	C:\WINDOWS\System32\KERNELBASE.dll
0x00007ff84c350000 - 0x00007ff84c3fc000 	C:\WINDOWS\System32\ADVAPI32.dll
0x00007ff84d750000 - 0x00007ff84d7ee000 	C:\WINDOWS\System32\msvcrt.dll
0x00007ff84d800000 - 0x00007ff84d89b000 	C:\WINDOWS\System32\sechost.dll
0x00007ff84cd10000 - 0x00007ff84ce34000 	C:\WINDOWS\System32\RPCRT4.dll
0x00007ff84d5b0000 - 0x00007ff84d750000 	C:\WINDOWS\System32\USER32.dll
0x00007ff84b930000 - 0x00007ff84b952000 	C:\WINDOWS\System32\win32u.dll
0x00007ff84c310000 - 0x00007ff84c33a000 	C:\WINDOWS\System32\GDI32.dll
0x00007ff84bb60000 - 0x00007ff84bc69000 	C:\WINDOWS\System32\gdi32full.dll
0x00007ff84bac0000 - 0x00007ff84bb5d000 	C:\WINDOWS\System32\msvcp_win.dll
0x00007ff84b9c0000 - 0x00007ff84bac0000 	C:\WINDOWS\System32\ucrtbase.dll
0x00007ff836a50000 - 0x00007ff836ceb000 	C:\WINDOWS\WinSxS\amd64_microsoft.windows.common-controls_6595b64144ccf1df_6.0.19041.488_none_ca04af081b815d21\COMCTL32.dll
0x00007ff84cad0000 - 0x00007ff84cb00000 	C:\WINDOWS\System32\IMM32.DLL
0x00007ff82ec10000 - 0x00007ff82ec25000 	C:\Program Files\Java\jdk1.8.0_311\jre\bin\vcruntime140.dll
0x00007ff820a10000 - 0x00007ff820aab000 	C:\Program Files\Java\jdk1.8.0_311\jre\bin\msvcp140.dll
0x0000000057030000 - 0x0000000057890000 	C:\Program Files\Java\jdk1.8.0_311\jre\bin\server\jvm.dll
0x00007ff84d7f0000 - 0x00007ff84d7f8000 	C:\WINDOWS\System32\PSAPI.DLL
0x00007ff839990000 - 0x00007ff8399b7000 	C:\WINDOWS\SYSTEM32\WINMM.dll
0x00007ff841590000 - 0x00007ff841599000 	C:\WINDOWS\SYSTEM32\WSOCK32.dll
0x00007ff84d9f0000 - 0x00007ff84da5b000 	C:\WINDOWS\System32\WS2_32.dll
0x00007ff841e20000 - 0x00007ff841e2a000 	C:\WINDOWS\SYSTEM32\VERSION.dll
0x00007ff84a260000 - 0x00007ff84a272000 	C:\WINDOWS\SYSTEM32\kernel.appcore.dll
0x00007ff834c40000 - 0x00007ff834c50000 	C:\Program Files\Java\jdk1.8.0_311\jre\bin\verify.dll
0x00007ff826b60000 - 0x00007ff826b8b000 	C:\Program Files\Java\jdk1.8.0_311\jre\bin\java.dll
0x00007ff82eb30000 - 0x00007ff82eb48000 	C:\Program Files\Java\jdk1.8.0_311\jre\bin\zip.dll
0x00007ff84da60000 - 0x00007ff84e1a1000 	C:\WINDOWS\System32\SHELL32.dll
0x00007ff849970000 - 0x00007ff84a105000 	C:\WINDOWS\SYSTEM32\windows.storage.dll
0x00007ff84c5e0000 - 0x00007ff84c935000 	C:\WINDOWS\System32\combase.dll
0x00007ff84b330000 - 0x00007ff84b35c000 	C:\WINDOWS\SYSTEM32\Wldp.dll
0x00007ff84c530000 - 0x00007ff84c5de000 	C:\WINDOWS\System32\SHCORE.dll
0x00007ff84c940000 - 0x00007ff84c995000 	C:\WINDOWS\System32\shlwapi.dll
0x00007ff84b860000 - 0x00007ff84b886000 	C:\WINDOWS\SYSTEM32\profapi.dll
0x00007ffff82c0000 - 0x00007ffff8455000 	C:\Program Files\Java\jdk1.8.0_311\jre\bin\awt.dll
0x00007ff84c9a0000 - 0x00007ff84ca6d000 	C:\WINDOWS\System32\OLEAUT32.dll
0x00007ff848c30000 - 0x00007ff848cc0000 	C:\WINDOWS\SYSTEM32\apphelp.dll
0x00007ff849120000 - 0x00007ff84914f000 	C:\WINDOWS\system32\DWMAPI.DLL
0x00007ff849000000 - 0x00007ff84909e000 	C:\WINDOWS\system32\uxtheme.dll
0x00007ff836270000 - 0x00007ff836395000 	C:\WINDOWS\system32\opengl32.dll
0x00007ff837730000 - 0x00007ff83775c000 	C:\WINDOWS\SYSTEM32\GLU32.dll
0x00007ff84cbe0000 - 0x00007ff84ccf5000 	C:\WINDOWS\System32\MSCTF.dll
0x00007ff84c400000 - 0x00007ff84c52a000 	C:\WINDOWS\System32\ole32.dll
0x00007ff84c1d0000 - 0x00007ff84c24f000 	C:\WINDOWS\System32\bcryptPrimitives.dll
0x00007ff80eea0000 - 0x00007ff80eed2000 	C:\Program Files\Java\jdk1.8.0_311\jre\bin\jpeg.dll
0x00007ff820ed0000 - 0x00007ff820f19000 	C:\Program Files\Java\jdk1.8.0_311\jre\bin\fontmanager.dll
0x00007ff84ce40000 - 0x00007ff84cee9000 	C:\WINDOWS\System32\clbcatq.dll
0x00007ff841830000 - 0x00007ff8419e4000 	C:\WINDOWS\SYSTEM32\WindowsCodecs.dll
0x00007ff84c040000 - 0x00007ff84c067000 	C:\WINDOWS\System32\bcrypt.dll
0x00007ff820140000 - 0x00007ff82017e000 	C:\WINDOWS\system32\dataexchange.dll
0x00007ff847fb0000 - 0x00007ff848195000 	C:\WINDOWS\system32\dcomp.dll
0x00007ff847780000 - 0x00007ff8479e4000 	C:\WINDOWS\system32\d3d11.dll
0x00007ff84a280000 - 0x00007ff84a373000 	C:\WINDOWS\system32\dxgi.dll
0x00007ff8419f0000 - 0x00007ff841bf8000 	C:\WINDOWS\system32\twinapi.appcore.dll
0x00007ff834fd0000 - 0x00007ff8350cc000 	C:\WINDOWS\SYSTEM32\textinputframework.dll
0x00007ff848620000 - 0x00007ff84897e000 	C:\WINDOWS\System32\CoreUIComponents.dll
0x00007ff848980000 - 0x00007ff848a72000 	C:\WINDOWS\System32\CoreMessaging.dll
0x00007ff84a670000 - 0x00007ff84a6a3000 	C:\WINDOWS\SYSTEM32\ntmarta.dll
0x00007ff8471c0000 - 0x00007ff847316000 	C:\WINDOWS\SYSTEM32\wintypes.dll
0x00007ff826b40000 - 0x00007ff826b5c000 	C:\Program Files\Java\jdk1.8.0_311\jre\bin\net.dll
0x00007ff84b0b0000 - 0x00007ff84b11a000 	C:\WINDOWS\system32\mswsock.dll
0x00007ff826b20000 - 0x00007ff826b33000 	C:\Program Files\Java\jdk1.8.0_311\jre\bin\nio.dll
0x00007ff8209c0000 - 0x00007ff820a03000 	C:\Program Files\Java\jdk1.8.0_311\jre\bin\t2k.dll
0x00007ff834b50000 - 0x00007ff834bfc000 	C:\WINDOWS\SYSTEM32\TextShaping.dll

VM Arguments:
jvm_args: -Dfile.encoding=UTF-8 
java_command: hotel.management.system.Login
java_class_path (initial): C:\Users\anukriti singh\Documents\NetBeansProjects\Hotel Management System\build\classes
Launcher Type: SUN_STANDARD

Environment Variables:
PATH=C:\Program Files\Common Files\Oracle\Java\javapath;C:\Program Files (x86)\Common Files\Oracle\Java\javapath;C:\WINDOWS\system32;C:\WINDOWS;C:\WINDOWS\System32\Wbem;C:\WINDOWS\System32\WindowsPowerShell\v1.0\;C:\WINDOWS\System32\OpenSSH\;C:\Program Files\Java;C:\Program Files\Java\jdk-16.0.2\bin;C:\Program Files\Java\jdk1.8.0_311\bin;C:\Program Files\Java\jre1.8.0_311\bin;C:\Users\anukriti singh\AppData\Local\Programs\Python\Python310\Scripts\;C:\Users\anukriti singh\AppData\Local\Programs\Python\Python310\;C:\Users\anukriti singh\AppData\Local\Microsoft\WindowsApps;;C:\Program Files\JetBrains\IntelliJ IDEA Community Edition 2021.2.2\bin;;C:\Users\anukriti singh\AppData\Local\Programs\Microsoft VS Code\bin
USERNAME=anukriti singh
OS=Windows_NT
PROCESSOR_IDENTIFIER=Intel64 Family 6 Model 142 Stepping 12, GenuineIntel



---------------  S Y S T E M  ---------------

OS: Windows 10.0 , 64 bit Build 19041 (10.0.19041.546)

CPU:total 4 (initial active 4) (2 cores per cpu, 2 threads per core) family 6 model 142 stepping 12, cmov, cx8, fxsr, mmx, sse, sse2, sse3, ssse3, sse4.1, sse4.2, popcnt, avx, avx2, aes, clmul, erms, 3dnowpref, lzcnt, ht, tsc, tscinvbit, bmi1, bmi2, adx

Memory: 4k page, physical 4043232k(241148k free), swap 16626144k(13708k free)

vm_info: Java HotSpot(TM) 64-Bit Server VM (25.311-b11) for windows-amd64 JRE (1.8.0_311-b11), built on Sep 27 2021 05:15:14 by "java_re" with MS VC++ 15.9 (VS2017)

time: Sun Feb 13 08:55:17 2022
timezone: India Standard Time
elapsed time: 29049.511132 seconds (0d 8h 4m 9s)

