#
# There is insufficient memory for the Java Runtime Environment to continue.
# Native memory allocation (malloc) failed to allocate 32744 bytes for ChunkPool::allocate
# Possible reasons:
#   The system is out of physical RAM or swap space
#   The process is running with CompressedOops enabled, and the Java Heap may be blocking the growth of the native heap
# Possible solutions:
#   Reduce memory load on the system
#   Increase physical memory or swap space
#   Check if swap backing store is full
#   Decrease Java heap size (-Xmx/-Xms)
#   Decrease number of Java threads
#   Decrease Java thread stack sizes (-Xss)
#   Set larger code cache with -XX:ReservedCodeCacheSize=
#   JVM is running with Unscaled Compressed Oops mode in which the Java heap is
#     placed in the first 4GB address space. The Java Heap base address is the
#     maximum limit for the native heap growth. Please use -XX:HeapBaseMinAddress
#     to set the Java Heap base and to place the Java Heap above 4GB virtual address.
# This output file may be truncated or incomplete.
#
#  Out of Memory Error (allocation.cpp:272), pid=4248, tid=0x0000000000002038
#
# JRE version: Java(TM) SE Runtime Environment (8.0_311-b11) (build 1.8.0_311-b11)
# Java VM: Java HotSpot(TM) 64-Bit Server VM (25.311-b11 mixed mode windows-amd64 compressed oops)
# Failed to write core dump. Minidumps are not enabled by default on client versions of Windows
#

---------------  T H R E A D  ---------------

Current thread (0x000001e6c2fcb000):  JavaThread "AWT-Windows" daemon [_thread_in_vm, id=8248, stack(0x0000004734f00000,0x0000004735000000)]

Stack: [0x0000004734f00000,0x0000004735000000]
Native frames: (J=compiled Java code, j=interpreted, Vv=VM code, C=native code)
V  [jvm.dll+0x32f239]
V  [jvm.dll+0x275882]
V  [jvm.dll+0x27652d]
V  [jvm.dll+0x26cf65]
V  [jvm.dll+0xd5a2d]
V  [jvm.dll+0xd5d8c]
V  [jvm.dll+0x8a3c4]
V  [jvm.dll+0x111a32]
V  [jvm.dll+0x111700]
V  [jvm.dll+0x84380]
V  [jvm.dll+0x1e1913]
V  [jvm.dll+0x1dfaa8]
C  0x000001e6af8ca02e

Java frames: (J=compiled Java code, j=interpreted, Vv=VM code)
j  sun.misc.Unsafe.defineAnonymousClass(Ljava/lang/Class;[B[Ljava/lang/Object;)Ljava/lang/Class;+0
j  java.lang.invoke.InnerClassLambdaMetafactory.spinInnerClass()Ljava/lang/Class;+511
j  java.lang.invoke.InnerClassLambdaMetafactory.buildCallSite()Ljava/lang/invoke/CallSite;+1
j  java.lang.invoke.LambdaMetafactory.metafactory(Ljava/lang/invoke/MethodHandles$Lookup;Ljava/lang/String;Ljava/lang/invoke/MethodType;Ljava/lang/invoke/MethodType;Ljava/lang/invoke/MethodHandle;Ljava/lang/invoke/MethodType;)Ljava/lang/invoke/CallSite;+31
j  java.lang.invoke.LambdaForm$DMH.invokeStatic_L6_L(Ljava/lang/Object;Ljava/lang/Object;Ljava/lang/Object;Ljava/lang/Object;Ljava/lang/Object;Ljava/lang/Object;Ljava/lang/Object;)Ljava/lang/Object;+20
j  java.lang.invoke.LambdaForm$BMH.reinvoke(Ljava/lang/Object;Ljava/lang/Object;Ljava/lang/Object;Ljava/lang/Object;Ljava/lang/Object;Ljava/lang/Object;Ljava/lang/Object;)Ljava/lang/Object;+79
j  java.lang.invoke.LambdaForm$MH.invoke_MT(Ljava/lang/Object;Ljava/lang/Object;Ljava/lang/Object;Ljava/lang/Object;Ljava/lang/Object;Ljava/lang/Object;Ljava/lang/Object;Ljava/lang/Object;)Ljava/lang/Object;+30
j  java.lang.invoke.CallSite.makeSite(Ljava/lang/invoke/MethodHandle;Ljava/lang/String;Ljava/lang/invoke/MethodType;Ljava/lang/Object;Ljava/lang/Class;)Ljava/lang/invoke/CallSite;+184
j  java.lang.invoke.MethodHandleNatives.linkCallSiteImpl(Ljava/lang/Class;Ljava/lang/invoke/MethodHandle;Ljava/lang/String;Ljava/lang/invoke/MethodType;Ljava/lang/Object;[Ljava/lang/Object;)Ljava/lang/invoke/MemberName;+6
j  java.lang.invoke.MethodHandleNatives.linkCallSite(Ljava/lang/Object;Ljava/lang/Object;Ljava/lang/Object;Ljava/lang/Object;Ljava/lang/Object;[Ljava/lang/Object;)Ljava/lang/invoke/MemberName;+45
v  ~StubRoutines::call_stub
j  sun.awt.windows.WToolkit.windowsSettingChange()V+38
v  ~StubRoutines::call_stub
j  sun.awt.windows.WToolkit.eventLoop()V+0
j  sun.awt.windows.WToolkit.run()V+58
j  java.lang.Thread.run()V+11
v  ~StubRoutines::call_stub

---------------  P R O C E S S  ---------------

Java Threads: ( => current thread )
  0x000001e6c40c4800 JavaThread "TimerQueue" daemon [_thread_blocked, id=11456, stack(0x0000004735400000,0x0000004735500000)]
  0x000001e6adecd800 JavaThread "DestroyJavaVM" [_thread_blocked, id=2892, stack(0x0000004733e00000,0x0000004733f00000)]
  0x000001e6c303f000 JavaThread "AWT-EventQueue-0" [_thread_blocked, id=404, stack(0x0000004735000000,0x0000004735100000)]
=>0x000001e6c2fcb000 JavaThread "AWT-Windows" daemon [_thread_in_vm, id=8248, stack(0x0000004734f00000,0x0000004735000000)]
  0x000001e6c2fc7800 JavaThread "AWT-Shutdown" [_thread_blocked, id=3584, stack(0x0000004734e00000,0x0000004734f00000)]
  0x000001e6c2fc2000 JavaThread "Java2D Disposer" daemon [_thread_blocked, id=10600, stack(0x0000004734d00000,0x0000004734e00000)]
  0x000001e6c214a000 JavaThread "Service Thread" daemon [_thread_blocked, id=12072, stack(0x0000004734b00000,0x0000004734c00000)]
  0x000001e6c20d7800 JavaThread "C1 CompilerThread2" daemon [_thread_blocked, id=6572, stack(0x0000004734a00000,0x0000004734b00000)]
  0x000001e6c20ca000 JavaThread "C2 CompilerThread1" daemon [_thread_blocked, id=11296, stack(0x0000004734900000,0x0000004734a00000)]
  0x000001e6c20b4800 JavaThread "C2 CompilerThread0" daemon [_thread_blocked, id=12240, stack(0x0000004734800000,0x0000004734900000)]
  0x000001e6c20b3000 JavaThread "Attach Listener" daemon [_thread_blocked, id=5956, stack(0x0000004734700000,0x0000004734800000)]
  0x000001e6c20b2800 JavaThread "Signal Dispatcher" daemon [_thread_blocked, id=9684, stack(0x0000004734600000,0x0000004734700000)]
  0x000001e6c1976000 JavaThread "Finalizer" daemon [_thread_blocked, id=7484, stack(0x0000004734500000,0x0000004734600000)]
  0x000001e6c196e800 JavaThread "Reference Handler" daemon [_thread_blocked, id=7092, stack(0x0000004734400000,0x0000004734500000)]

Other Threads:
  0x000001e6c2082000 VMThread [stack: 0x0000004734300000,0x0000004734400000] [id=4440]
  0x000001e6c2174000 WatcherThread [stack: 0x0000004734c00000,0x0000004734d00000] [id=2280]

VM state:not at safepoint (normal execution)

VM Mutex/Monitor currently owned by a thread: None

heap address: 0x00000000c2400000, size: 988 MB, Compressed Oops mode: 32-bit
Narrow klass base: 0x0000000000000000, Narrow klass shift: 3
Compressed class space size: 1073741824 Address: 0x0000000100000000

Heap:
 PSYoungGen      total 18432K, used 6493K [0x00000000eb700000, 0x00000000ecb80000, 0x0000000100000000)
  eden space 15872K, 40% used [0x00000000eb700000,0x00000000ebd576e0,0x00000000ec680000)
  from space 2560K, 0% used [0x00000000ec900000,0x00000000ec900000,0x00000000ecb80000)
  to   space 2560K, 0% used [0x00000000ec680000,0x00000000ec680000,0x00000000ec900000)
 ParOldGen       total 42496K, used 0K [0x00000000c2400000, 0x00000000c4d80000, 0x00000000eb700000)
  object space 42496K, 0% used [0x00000000c2400000,0x00000000c2400000,0x00000000c4d80000)
 Metaspace       used 9855K, capacity 10032K, committed 10368K, reserved 1058816K
  class space    used 1224K, capacity 1320K, committed 1408K, reserved 1048576K

Card table byte_map: [0x000001e6bec70000,0x000001e6bee60000] byte_map_base: 0x000001e6be65e000

Marking Bits: (ParMarkBitMap*) 0x0000000055888030
 Begin Bits: [0x000001e6befb0000, 0x000001e6bff20000)
 End Bits:   [0x000001e6bff20000, 0x000001e6c0e90000)

Polling page: 0x000001e6ae080000

CodeCache: size=245760Kb used=1953Kb max_used=1953Kb free=243806Kb
 bounds [0x000001e6af8b0000, 0x000001e6afb20000, 0x000001e6be8b0000]
 total_blobs=895 nmethods=440 adapters=368
 compilation: enabled

Compilation events (10 events):
Event: 38751.682 Thread 0x000001e6c20d7800  434       3       java.util.HashMap$EntryIterator::next (5 bytes)
Event: 38751.682 Thread 0x000001e6c20d7800 nmethod 434 0x000001e6afa93950 code [0x000001e6afa93ac0, 0x000001e6afa93cd0]
Event: 38751.684 Thread 0x000001e6c20d7800  435       3       java.lang.invoke.MethodType$ConcurrentWeakInternSet$WeakEntry::equals (49 bytes)
Event: 38751.684 Thread 0x000001e6c20d7800 nmethod 435 0x000001e6afa93d50 code [0x000001e6afa93ee0, 0x000001e6afa94550]
Event: 38751.684 Thread 0x000001e6c20d7800  436       3       java.lang.reflect.Array::newInstance (6 bytes)
Event: 38751.684 Thread 0x000001e6c20d7800 nmethod 436 0x000001e6afa94650 code [0x000001e6afa947c0, 0x000001e6afa94930]
Event: 38751.685 Thread 0x000001e6c20d7800  439       3       java.lang.invoke.MethodType::toMethodDescriptorString (21 bytes)
Event: 38751.689 Thread 0x000001e6c20d7800 nmethod 439 0x000001e6afa94dd0 code [0x000001e6afa94fe0, 0x000001e6afa95ae0]
Event: 38751.689 Thread 0x000001e6c20d7800  440       3       sun.invoke.util.BytecodeDescriptor::unparseSig (75 bytes)
Event: 38751.691 Thread 0x000001e6c20d7800 nmethod 440 0x000001e6afa96210 code [0x000001e6afa96500, 0x000001e6afa97ce0]

GC Heap History (0 events):
No events

Deoptimization events (0 events):
No events

Classes redefined (0 events):
No events

Internal exceptions (10 events):
Event: 0.046 Thread 0x000001e6adecd800 Exception <a 'java/lang/NoSuchMethodError': Method sun.misc.Unsafe.defineClass(Ljava/lang/String;[BII)Ljava/lang/Class; name or signature does not match> (0x00000000eb707cc0) thrown at [C:\jenkins\workspace\8-2-build-windows-amd64-cygwin\jdk8u311\1894\hot
Event: 0.046 Thread 0x000001e6adecd800 Exception <a 'java/lang/NoSuchMethodError': Method sun.misc.Unsafe.prefetchRead(Ljava/lang/Object;J)V name or signature does not match> (0x00000000eb707fa8) thrown at [C:\jenkins\workspace\8-2-build-windows-amd64-cygwin\jdk8u311\1894\hotspot\src\share\vm\
Event: 0.121 Thread 0x000001e6adecd800 Exception <a 'java/security/PrivilegedActionException'> (0x00000000eb782258) thrown at [C:\jenkins\workspace\8-2-build-windows-amd64-cygwin\jdk8u311\1894\hotspot\src\share\vm\prims\jvm.cpp, line 1523]
Event: 0.121 Thread 0x000001e6adecd800 Exception <a 'java/security/PrivilegedActionException'> (0x00000000eb782468) thrown at [C:\jenkins\workspace\8-2-build-windows-amd64-cygwin\jdk8u311\1894\hotspot\src\share\vm\prims\jvm.cpp, line 1523]
Event: 0.122 Thread 0x000001e6adecd800 Exception <a 'java/security/PrivilegedActionException'> (0x00000000eb786378) thrown at [C:\jenkins\workspace\8-2-build-windows-amd64-cygwin\jdk8u311\1894\hotspot\src\share\vm\prims\jvm.cpp, line 1523]
Event: 0.122 Thread 0x000001e6adecd800 Exception <a 'java/security/PrivilegedActionException'> (0x00000000eb786588) thrown at [C:\jenkins\workspace\8-2-build-windows-amd64-cygwin\jdk8u311\1894\hotspot\src\share\vm\prims\jvm.cpp, line 1523]
Event: 0.129 Thread 0x000001e6adecd800 Exception <a 'java/io/FileNotFoundException'> (0x00000000eb78d4d0) thrown at [C:\jenkins\workspace\8-2-build-windows-amd64-cygwin\jdk8u311\1894\hotspot\src\share\vm\prims\jni.cpp, line 710]
Event: 0.169 Thread 0x000001e6adecd800 Exception <a 'java/lang/NoSuchFieldError': method resolution failed> (0x00000000eb8ae2c0) thrown at [C:\jenkins\workspace\8-2-build-windows-amd64-cygwin\jdk8u311\1894\hotspot\src\share\vm\prims\methodHandles.cpp, line 1169]
Event: 0.171 Thread 0x000001e6adecd800 Exception <a 'java/lang/NoSuchFieldError': method resolution failed> (0x00000000eb8bb690) thrown at [C:\jenkins\workspace\8-2-build-windows-amd64-cygwin\jdk8u311\1894\hotspot\src\share\vm\prims\methodHandles.cpp, line 1169]
Event: 0.216 Thread 0x000001e6adecd800 Exception <a 'java/io/FileNotFoundException'> (0x00000000eb9563f8) thrown at [C:\jenkins\workspace\8-2-build-windows-amd64-cygwin\jdk8u311\1894\hotspot\src\share\vm\prims\jni.cpp, line 710]

Events (10 events):
Event: 1.759 loading class sun/reflect/UnsafeBooleanFieldAccessorImpl
Event: 1.759 loading class sun/reflect/UnsafeBooleanFieldAccessorImpl done
Event: 2.746 loading class java/awt/LightweightDispatcher$2
Event: 2.746 loading class java/awt/LightweightDispatcher$2 done
Event: 3.817 loading class java/awt/KeyboardFocusManager$2
Event: 3.817 loading class java/awt/KeyboardFocusManager$2 done
Event: 3.817 loading class sun/awt/SunToolkit$1
Event: 3.818 loading class sun/awt/SunToolkit$1 done
Event: 4.132 Executing VM operation: EnableBiasedLocking
Event: 4.132 Executing VM operation: EnableBiasedLocking done


Dynamic libraries:
0x00007ff7fb120000 - 0x00007ff7fb167000 	C:\Program Files\Java\jdk1.8.0_311\bin\java.exe
0x00007ffd5a3b0000 - 0x00007ffd5a5a6000 	C:\WINDOWS\SYSTEM32\ntdll.dll
0x00007ffd59660000 - 0x00007ffd5971d000 	C:\WINDOWS\System32\KERNEL32.DLL
0x00007ffd58070000 - 0x00007ffd58338000 	C:\WINDOWS\System32\KERNELBASE.dll
0x00007ffd595b0000 - 0x00007ffd5965c000 	C:\WINDOWS\System32\ADVAPI32.dll
0x00007ffd58800000 - 0x00007ffd5889e000 	C:\WINDOWS\System32\msvcrt.dll
0x00007ffd58610000 - 0x00007ffd586ab000 	C:\WINDOWS\System32\sechost.dll
0x00007ffd588a0000 - 0x00007ffd589c4000 	C:\WINDOWS\System32\RPCRT4.dll
0x00007ffd59260000 - 0x00007ffd59400000 	C:\WINDOWS\System32\USER32.dll
0x00007ffd57d80000 - 0x00007ffd57da2000 	C:\WINDOWS\System32\win32u.dll
0x00007ffd5a340000 - 0x00007ffd5a36a000 	C:\WINDOWS\System32\GDI32.dll
0x00007ffd57c70000 - 0x00007ffd57d79000 	C:\WINDOWS\System32\gdi32full.dll
0x00007ffd57af0000 - 0x00007ffd57b8d000 	C:\WINDOWS\System32\msvcp_win.dll
0x00007ffd57db0000 - 0x00007ffd57eb0000 	C:\WINDOWS\System32\ucrtbase.dll
0x00007ffd42800000 - 0x00007ffd42a9b000 	C:\WINDOWS\WinSxS\amd64_microsoft.windows.common-controls_6595b64144ccf1df_6.0.19041.488_none_ca04af081b815d21\COMCTL32.dll
0x00007ffd5a260000 - 0x00007ffd5a290000 	C:\WINDOWS\System32\IMM32.DLL
0x00007ffd46220000 - 0x00007ffd46235000 	C:\Program Files\Java\jdk1.8.0_311\jre\bin\vcruntime140.dll
0x00007ffd2efc0000 - 0x00007ffd2f05b000 	C:\Program Files\Java\jdk1.8.0_311\jre\bin\msvcp140.dll
0x00000000550a0000 - 0x0000000055900000 	C:\Program Files\Java\jdk1.8.0_311\jre\bin\server\jvm.dll
0x00007ffd58af0000 - 0x00007ffd58af8000 	C:\WINDOWS\System32\PSAPI.DLL
0x00007ffd50180000 - 0x00007ffd50189000 	C:\WINDOWS\SYSTEM32\WSOCK32.dll
0x00007ffd58790000 - 0x00007ffd587fb000 	C:\WINDOWS\System32\WS2_32.dll
0x00007ffd461b0000 - 0x00007ffd461d7000 	C:\WINDOWS\SYSTEM32\WINMM.dll
0x00007ffd4dc80000 - 0x00007ffd4dc8a000 	C:\WINDOWS\SYSTEM32\VERSION.dll
0x00007ffd563d0000 - 0x00007ffd563e2000 	C:\WINDOWS\SYSTEM32\kernel.appcore.dll
0x00007ffd50170000 - 0x00007ffd50180000 	C:\Program Files\Java\jdk1.8.0_311\jre\bin\verify.dll
0x00007ffd33e80000 - 0x00007ffd33eab000 	C:\Program Files\Java\jdk1.8.0_311\jre\bin\java.dll
0x00007ffd3ebb0000 - 0x00007ffd3ebc8000 	C:\Program Files\Java\jdk1.8.0_311\jre\bin\zip.dll
0x00007ffd58b00000 - 0x00007ffd59241000 	C:\WINDOWS\System32\SHELL32.dll
0x00007ffd55880000 - 0x00007ffd56015000 	C:\WINDOWS\SYSTEM32\windows.storage.dll
0x00007ffd598d0000 - 0x00007ffd59c25000 	C:\WINDOWS\System32\combase.dll
0x00007ffd574f0000 - 0x00007ffd5751c000 	C:\WINDOWS\SYSTEM32\Wldp.dll
0x00007ffd5a290000 - 0x00007ffd5a33e000 	C:\WINDOWS\System32\SHCORE.dll
0x00007ffd585b0000 - 0x00007ffd58605000 	C:\WINDOWS\System32\shlwapi.dll
0x00007ffd57a20000 - 0x00007ffd57a46000 	C:\WINDOWS\SYSTEM32\profapi.dll
0x00007ffd0a650000 - 0x00007ffd0a7e5000 	C:\Program Files\Java\jdk1.8.0_311\jre\bin\awt.dll
0x00007ffd59780000 - 0x00007ffd5984d000 	C:\WINDOWS\System32\OLEAUT32.dll
0x00007ffd55050000 - 0x00007ffd550e0000 	C:\WINDOWS\SYSTEM32\apphelp.dll
0x00007ffd55590000 - 0x00007ffd555bf000 	C:\WINDOWS\system32\DWMAPI.DLL
0x00007ffd551e0000 - 0x00007ffd5527e000 	C:\WINDOWS\system32\uxtheme.dll
0x00007ffd41f00000 - 0x00007ffd42025000 	C:\WINDOWS\system32\opengl32.dll
0x00007ffd41e90000 - 0x00007ffd41ebc000 	C:\WINDOWS\SYSTEM32\GLU32.dll
0x00007ffd589d0000 - 0x00007ffd58ae5000 	C:\WINDOWS\System32\MSCTF.dll
0x00007ffd59c30000 - 0x00007ffd59d5a000 	C:\WINDOWS\System32\ole32.dll
0x00007ffd58340000 - 0x00007ffd583bf000 	C:\WINDOWS\System32\bcryptPrimitives.dll
0x00007ffd2c440000 - 0x00007ffd2c489000 	C:\Program Files\Java\jdk1.8.0_311\jre\bin\fontmanager.dll
0x00007ffd58490000 - 0x00007ffd58539000 	C:\WINDOWS\System32\clbcatq.dll
0x00007ffd4ed00000 - 0x00007ffd4eeb4000 	C:\WINDOWS\SYSTEM32\WindowsCodecs.dll
0x00007ffd57c40000 - 0x00007ffd57c67000 	C:\WINDOWS\System32\bcrypt.dll
0x00007ffd2c080000 - 0x00007ffd2c0be000 	C:\WINDOWS\system32\dataexchange.dll
0x00007ffd54430000 - 0x00007ffd54615000 	C:\WINDOWS\system32\dcomp.dll
0x00007ffd53c00000 - 0x00007ffd53e64000 	C:\WINDOWS\system32\d3d11.dll
0x00007ffd56440000 - 0x00007ffd56533000 	C:\WINDOWS\system32\dxgi.dll
0x00007ffd4ef30000 - 0x00007ffd4f138000 	C:\WINDOWS\system32\twinapi.appcore.dll
0x00007ffd3fc20000 - 0x00007ffd3fd1c000 	C:\WINDOWS\SYSTEM32\textinputframework.dll
0x00007ffd54d10000 - 0x00007ffd54e02000 	C:\WINDOWS\System32\CoreMessaging.dll
0x00007ffd549a0000 - 0x00007ffd54cfe000 	C:\WINDOWS\System32\CoreUIComponents.dll
0x00007ffd53640000 - 0x00007ffd53796000 	C:\WINDOWS\SYSTEM32\wintypes.dll
0x00007ffd56830000 - 0x00007ffd56863000 	C:\WINDOWS\SYSTEM32\ntmarta.dll
0x00007ffd3a8b0000 - 0x00007ffd3a8cc000 	C:\Program Files\Java\jdk1.8.0_311\jre\bin\net.dll
0x00007ffd57270000 - 0x00007ffd572da000 	C:\WINDOWS\system32\mswsock.dll
0x00007ffd398d0000 - 0x00007ffd398e3000 	C:\Program Files\Java\jdk1.8.0_311\jre\bin\nio.dll
0x00007ffd1b1c0000 - 0x00007ffd1b203000 	C:\Program Files\Java\jdk1.8.0_311\jre\bin\t2k.dll
0x00007ffd560f0000 - 0x00007ffd562d4000 	C:\WINDOWS\SYSTEM32\dbghelp.dll

VM Arguments:
jvm_args: -Dfile.encoding=UTF-8 
java_command: hotel.management.system.Login
java_class_path (initial): C:\Users\anukriti singh\Documents\NetBeansProjects\Hotel Management System\build\classes
Launcher Type: SUN_STANDARD

Environment Variables:
PATH=C:\Program Files\Common Files\Oracle\Java\javapath;C:\Program Files (x86)\Common Files\Oracle\Java\javapath;C:\WINDOWS\system32;C:\WINDOWS;C:\WINDOWS\System32\Wbem;C:\WINDOWS\System32\WindowsPowerShell\v1.0\;C:\WINDOWS\System32\OpenSSH\;C:\Program Files\Java;C:\Program Files\Java\jdk-16.0.2\bin;C:\Program Files\Java\jdk1.8.0_311\bin;C:\Program Files\Java\jre1.8.0_311\bin;C:\Users\anukriti singh\AppData\Local\Programs\Python\Python310\Scripts\;C:\Users\anukriti singh\AppData\Local\Programs\Python\Python310\;C:\Users\anukriti singh\AppData\Local\Microsoft\WindowsApps;;C:\Program Files\JetBrains\IntelliJ IDEA Community Edition 2021.2.2\bin;;C:\Users\anukriti singh\AppData\Local\Programs\Microsoft VS Code\bin
USERNAME=anukriti singh
OS=Windows_NT
PROCESSOR_IDENTIFIER=Intel64 Family 6 Model 142 Stepping 12, GenuineIntel



---------------  S Y S T E M  ---------------

OS: Windows 10.0 , 64 bit Build 19041 (10.0.19041.546)

CPU:total 4 (initial active 4) (2 cores per cpu, 2 threads per core) family 6 model 142 stepping 12, cmov, cx8, fxsr, mmx, sse, sse2, sse3, ssse3, sse4.1, sse4.2, popcnt, avx, avx2, aes, clmul, erms, 3dnowpref, lzcnt, ht, tsc, tscinvbit, bmi1, bmi2, adx

Memory: 4k page, physical 4043232k(210560k free), swap 16626144k(0k free)

vm_info: Java HotSpot(TM) 64-Bit Server VM (25.311-b11) for windows-amd64 JRE (1.8.0_311-b11), built on Sep 27 2021 05:15:14 by "java_re" with MS VC++ 15.9 (VS2017)

time: Sat Feb 12 22:38:53 2022
timezone: India Standard Time
elapsed time: 38752.094410 seconds (0d 10h 45m 52s)

